{"/Users/sunay/Desktop/aoe_wiki/src/App.tsx": {"path":"/Users/sunay/Desktop/aoe_wiki/src/App.tsx","all":true,"statementMap":{"0":{"start":{"line":1,"column":0},"end":{"line":1,"column":19}},"2":{"start":{"line":3,"column":0},"end":{"line":3,"column":33}},"3":{"start":{"line":4,"column":0},"end":{"line":4,"column":42}},"5":{"start":{"line":6,"column":0},"end":{"line":6,"column":61}},"6":{"start":{"line":7,"column":0},"end":{"line":7,"column":75}},"7":{"start":{"line":8,"column":0},"end":{"line":8,"column":47}},"8":{"start":{"line":9,"column":0},"end":{"line":9,"column":56}},"10":{"start":{"line":11,"column":0},"end":{"line":11,"column":39}},"12":{"start":{"line":13,"column":0},"end":{"line":13,"column":16}},"13":{"start":{"line":14,"column":0},"end":{"line":14,"column":19}},"15":{"start":{"line":16,"column":0},"end":{"line":16,"column":10}},"16":{"start":{"line":17,"column":0},"end":{"line":17,"column":32}},"17":{"start":{"line":18,"column":0},"end":{"line":18,"column":47}},"18":{"start":{"line":19,"column":0},"end":{"line":19,"column":33}},"19":{"start":{"line":20,"column":0},"end":{"line":20,"column":26}},"20":{"start":{"line":21,"column":0},"end":{"line":21,"column":18}},"21":{"start":{"line":22,"column":0},"end":{"line":22,"column":17}},"22":{"start":{"line":23,"column":0},"end":{"line":23,"column":10}},"24":{"start":{"line":25,"column":0},"end":{"line":25,"column":1}},"26":{"start":{"line":27,"column":0},"end":{"line":27,"column":19}}},"s":{"0":0,"2":0,"3":0,"5":0,"6":0,"7":0,"8":0,"10":0,"12":0,"13":0,"15":0,"16":0,"17":0,"18":0,"19":0,"20":0,"21":0,"22":0,"24":0,"26":0},"branchMap":{"0":{"type":"branch","line":1,"loc":{"start":{"line":1,"column":492},"end":{"line":27,"column":-395}},"locations":[{"start":{"line":1,"column":492},"end":{"line":27,"column":-395}}]}},"b":{"0":[0]},"fnMap":{"0":{"name":"(empty-report)","decl":{"start":{"line":1,"column":492},"end":{"line":27,"column":-395}},"loc":{"start":{"line":1,"column":492},"end":{"line":27,"column":-395}},"line":1}},"f":{"0":0}}
,"/Users/sunay/Desktop/aoe_wiki/src/components/AppInitializer.tsx": {"path":"/Users/sunay/Desktop/aoe_wiki/src/components/AppInitializer.tsx","all":false,"statementMap":{"0":{"start":{"line":1,"column":0},"end":{"line":1,"column":34}},"1":{"start":{"line":2,"column":0},"end":{"line":2,"column":42}},"3":{"start":{"line":4,"column":0},"end":{"line":4,"column":61}},"6":{"start":{"line":7,"column":0},"end":{"line":7,"column":37}},"7":{"start":{"line":8,"column":0},"end":{"line":8,"column":46}},"9":{"start":{"line":10,"column":0},"end":{"line":10,"column":19}},"10":{"start":{"line":11,"column":0},"end":{"line":11,"column":32}},"11":{"start":{"line":12,"column":0},"end":{"line":12,"column":17}},"13":{"start":{"line":14,"column":0},"end":{"line":14,"column":14}},"14":{"start":{"line":15,"column":0},"end":{"line":15,"column":2}}},"s":{"0":1,"1":1,"3":1,"6":1,"7":2,"9":2,"10":2,"11":2,"13":2,"14":2},"branchMap":{"0":{"type":"branch","line":7,"loc":{"start":{"line":7,"column":30},"end":{"line":15,"column":2}},"locations":[{"start":{"line":7,"column":30},"end":{"line":15,"column":2}}]},"1":{"type":"branch","line":10,"loc":{"start":{"line":10,"column":12},"end":{"line":12,"column":5}},"locations":[{"start":{"line":10,"column":12},"end":{"line":12,"column":5}}]}},"b":{"0":[2],"1":[2]},"fnMap":{"0":{"name":"AppInitializer","decl":{"start":{"line":7,"column":30},"end":{"line":15,"column":2}},"loc":{"start":{"line":7,"column":30},"end":{"line":15,"column":2}},"line":7}},"f":{"0":2}}
,"/Users/sunay/Desktop/aoe_wiki/src/components/BackgroundAudioPlayer.tsx": {"path":"/Users/sunay/Desktop/aoe_wiki/src/components/BackgroundAudioPlayer.tsx","all":false,"statementMap":{"0":{"start":{"line":1,"column":0},"end":{"line":1,"column":52}},"1":{"start":{"line":2,"column":0},"end":{"line":2,"column":42}},"5":{"start":{"line":6,"column":0},"end":{"line":6,"column":44}},"6":{"start":{"line":7,"column":0},"end":{"line":7,"column":50}},"7":{"start":{"line":8,"column":0},"end":{"line":8,"column":79}},"8":{"start":{"line":9,"column":0},"end":{"line":9,"column":60}},"10":{"start":{"line":11,"column":0},"end":{"line":11,"column":19}},"11":{"start":{"line":12,"column":0},"end":{"line":12,"column":35}},"12":{"start":{"line":13,"column":0},"end":{"line":13,"column":23}},"14":{"start":{"line":15,"column":0},"end":{"line":15,"column":53}},"15":{"start":{"line":16,"column":0},"end":{"line":16,"column":37}},"16":{"start":{"line":17,"column":0},"end":{"line":17,"column":51}},"17":{"start":{"line":18,"column":0},"end":{"line":18,"column":9}},"18":{"start":{"line":19,"column":0},"end":{"line":19,"column":45}},"19":{"start":{"line":20,"column":0},"end":{"line":20,"column":20}},"20":{"start":{"line":21,"column":0},"end":{"line":21,"column":5}},"21":{"start":{"line":22,"column":0},"end":{"line":22,"column":33}},"23":{"start":{"line":24,"column":0},"end":{"line":24,"column":19}},"24":{"start":{"line":25,"column":0},"end":{"line":25,"column":35}},"25":{"start":{"line":26,"column":0},"end":{"line":26,"column":16}},"26":{"start":{"line":27,"column":0},"end":{"line":27,"column":28}},"27":{"start":{"line":28,"column":0},"end":{"line":28,"column":5}},"28":{"start":{"line":29,"column":0},"end":{"line":29,"column":15}},"30":{"start":{"line":31,"column":0},"end":{"line":31,"column":19}},"31":{"start":{"line":32,"column":0},"end":{"line":32,"column":42}},"32":{"start":{"line":33,"column":0},"end":{"line":33,"column":27}},"33":{"start":{"line":34,"column":0},"end":{"line":34,"column":31}},"34":{"start":{"line":35,"column":0},"end":{"line":35,"column":39}},"35":{"start":{"line":36,"column":0},"end":{"line":36,"column":49}},"36":{"start":{"line":37,"column":0},"end":{"line":37,"column":15}},"37":{"start":{"line":38,"column":0},"end":{"line":38,"column":19}},"38":{"start":{"line":39,"column":0},"end":{"line":39,"column":29}},"39":{"start":{"line":40,"column":0},"end":{"line":40,"column":72}},"40":{"start":{"line":41,"column":0},"end":{"line":41,"column":14}},"41":{"start":{"line":42,"column":0},"end":{"line":42,"column":9}},"42":{"start":{"line":43,"column":0},"end":{"line":43,"column":7}},"44":{"start":{"line":45,"column":0},"end":{"line":45,"column":68}},"45":{"start":{"line":46,"column":0},"end":{"line":46,"column":70}},"46":{"start":{"line":47,"column":0},"end":{"line":47,"column":6}},"48":{"start":{"line":49,"column":0},"end":{"line":49,"column":25}},"49":{"start":{"line":50,"column":0},"end":{"line":50,"column":65}},"50":{"start":{"line":51,"column":0},"end":{"line":51,"column":67}},"51":{"start":{"line":52,"column":0},"end":{"line":52,"column":5}},"53":{"start":{"line":54,"column":0},"end":{"line":54,"column":18}},"54":{"start":{"line":55,"column":0},"end":{"line":55,"column":68}},"55":{"start":{"line":56,"column":0},"end":{"line":56,"column":70}},"56":{"start":{"line":57,"column":0},"end":{"line":57,"column":6}},"57":{"start":{"line":58,"column":0},"end":{"line":58,"column":33}},"59":{"start":{"line":60,"column":0},"end":{"line":60,"column":67}},"60":{"start":{"line":61,"column":0},"end":{"line":61,"column":2}}},"s":{"0":1,"1":1,"5":1,"6":5,"7":5,"8":5,"10":5,"11":5,"12":5,"14":5,"15":1,"16":0,"17":1,"18":5,"19":0,"20":0,"21":5,"23":5,"24":3,"25":3,"26":3,"27":3,"28":5,"30":5,"31":5,"32":1,"33":1,"34":1,"35":1,"36":0,"37":0,"38":0,"39":0,"40":0,"41":0,"42":1,"44":1,"45":1,"46":1,"48":5,"49":3,"50":3,"51":3,"53":5,"54":5,"55":5,"56":5,"57":5,"59":5,"60":5},"branchMap":{"0":{"type":"branch","line":6,"loc":{"start":{"line":6,"column":37},"end":{"line":61,"column":2}},"locations":[{"start":{"line":6,"column":37},"end":{"line":61,"column":2}}]},"1":{"type":"branch","line":11,"loc":{"start":{"line":11,"column":12},"end":{"line":22,"column":5}},"locations":[{"start":{"line":11,"column":12},"end":{"line":22,"column":5}}]},"2":{"type":"branch","line":13,"loc":{"start":{"line":13,"column":16},"end":{"line":13,"column":23}},"locations":[{"start":{"line":13,"column":16},"end":{"line":13,"column":23}}]},"3":{"type":"branch","line":15,"loc":{"start":{"line":15,"column":8},"end":{"line":15,"column":37}},"locations":[{"start":{"line":15,"column":8},"end":{"line":15,"column":37}}]},"4":{"type":"branch","line":15,"loc":{"start":{"line":15,"column":27},"end":{"line":15,"column":52}},"locations":[{"start":{"line":15,"column":27},"end":{"line":15,"column":52}}]},"5":{"type":"branch","line":15,"loc":{"start":{"line":15,"column":52},"end":{"line":19,"column":15}},"locations":[{"start":{"line":15,"column":52},"end":{"line":19,"column":15}}]},"6":{"type":"branch","line":19,"loc":{"start":{"line":19,"column":4},"end":{"line":21,"column":5}},"locations":[{"start":{"line":19,"column":4},"end":{"line":21,"column":5}}]},"7":{"type":"branch","line":19,"loc":{"start":{"line":19,"column":44},"end":{"line":21,"column":5}},"locations":[{"start":{"line":19,"column":44},"end":{"line":21,"column":5}}]},"8":{"type":"branch","line":24,"loc":{"start":{"line":24,"column":12},"end":{"line":29,"column":5}},"locations":[{"start":{"line":24,"column":12},"end":{"line":29,"column":5}}]},"9":{"type":"branch","line":31,"loc":{"start":{"line":31,"column":12},"end":{"line":58,"column":5}},"locations":[{"start":{"line":31,"column":12},"end":{"line":58,"column":5}}]},"10":{"type":"branch","line":49,"loc":{"start":{"line":49,"column":24},"end":{"line":52,"column":5}},"locations":[{"start":{"line":49,"column":24},"end":{"line":52,"column":5}}]},"11":{"type":"branch","line":32,"loc":{"start":{"line":32,"column":35},"end":{"line":47,"column":6}},"locations":[{"start":{"line":32,"column":35},"end":{"line":47,"column":6}}]},"12":{"type":"branch","line":36,"loc":{"start":{"line":36,"column":21},"end":{"line":36,"column":48}},"locations":[{"start":{"line":36,"column":21},"end":{"line":36,"column":48}}]},"13":{"type":"branch","line":36,"loc":{"start":{"line":36,"column":48},"end":{"line":42,"column":9}},"locations":[{"start":{"line":36,"column":48},"end":{"line":42,"column":9}}]},"14":{"type":"branch","line":54,"loc":{"start":{"line":54,"column":11},"end":{"line":57,"column":6}},"locations":[{"start":{"line":54,"column":11},"end":{"line":57,"column":6}}]}},"b":{"0":[5],"1":[5],"2":[0],"3":[1],"4":[1],"5":[1],"6":[4],"7":[0],"8":[3],"9":[5],"10":[3],"11":[1],"12":[0],"13":[0],"14":[5]},"fnMap":{"0":{"name":"BackgroundAudioPlayer","decl":{"start":{"line":6,"column":37},"end":{"line":61,"column":2}},"loc":{"start":{"line":6,"column":37},"end":{"line":61,"column":2}},"line":6},"1":{"name":"handleFirstInteraction","decl":{"start":{"line":32,"column":35},"end":{"line":47,"column":6}},"loc":{"start":{"line":32,"column":35},"end":{"line":47,"column":6}},"line":32}},"f":{"0":5,"1":1}}
,"/Users/sunay/Desktop/aoe_wiki/src/components/Navigation.tsx": {"path":"/Users/sunay/Desktop/aoe_wiki/src/components/Navigation.tsx","all":false,"statementMap":{"0":{"start":{"line":1,"column":0},"end":{"line":1,"column":49}},"1":{"start":{"line":2,"column":0},"end":{"line":2,"column":55}},"2":{"start":{"line":3,"column":0},"end":{"line":3,"column":40}},"4":{"start":{"line":5,"column":0},"end":{"line":5,"column":8}},"10":{"start":{"line":11,"column":0},"end":{"line":11,"column":69}},"13":{"start":{"line":14,"column":0},"end":{"line":14,"column":46}},"15":{"start":{"line":16,"column":0},"end":{"line":16,"column":33}},"16":{"start":{"line":17,"column":0},"end":{"line":17,"column":46}},"17":{"start":{"line":18,"column":0},"end":{"line":18,"column":79}},"19":{"start":{"line":20,"column":0},"end":{"line":20,"column":34}},"20":{"start":{"line":21,"column":0},"end":{"line":21,"column":48}},"21":{"start":{"line":22,"column":0},"end":{"line":22,"column":4}},"23":{"start":{"line":24,"column":0},"end":{"line":24,"column":10}},"24":{"start":{"line":25,"column":0},"end":{"line":25,"column":39}},"25":{"start":{"line":26,"column":0},"end":{"line":26,"column":41}},"26":{"start":{"line":27,"column":0},"end":{"line":27,"column":46}},"27":{"start":{"line":28,"column":0},"end":{"line":28,"column":17}},"28":{"start":{"line":29,"column":0},"end":{"line":29,"column":53}},"29":{"start":{"line":30,"column":0},"end":{"line":30,"column":46}},"30":{"start":{"line":31,"column":0},"end":{"line":31,"column":24}},"31":{"start":{"line":32,"column":0},"end":{"line":32,"column":76}},"34":{"start":{"line":35,"column":0},"end":{"line":35,"column":74}},"35":{"start":{"line":36,"column":0},"end":{"line":36,"column":19}},"36":{"start":{"line":37,"column":0},"end":{"line":37,"column":17}},"37":{"start":{"line":38,"column":0},"end":{"line":38,"column":38}},"38":{"start":{"line":39,"column":0},"end":{"line":39,"column":41}},"39":{"start":{"line":40,"column":0},"end":{"line":40,"column":69}},"41":{"start":{"line":42,"column":0},"end":{"line":42,"column":29}},"42":{"start":{"line":43,"column":0},"end":{"line":43,"column":42}},"44":{"start":{"line":45,"column":0},"end":{"line":45,"column":42}},"46":{"start":{"line":47,"column":0},"end":{"line":47,"column":19}},"47":{"start":{"line":48,"column":0},"end":{"line":48,"column":22}},"48":{"start":{"line":49,"column":0},"end":{"line":49,"column":47}},"49":{"start":{"line":50,"column":0},"end":{"line":50,"column":28}},"50":{"start":{"line":51,"column":0},"end":{"line":51,"column":68}},"51":{"start":{"line":52,"column":0},"end":{"line":52,"column":19}},"52":{"start":{"line":53,"column":0},"end":{"line":53,"column":23}},"53":{"start":{"line":54,"column":0},"end":{"line":54,"column":39}},"55":{"start":{"line":56,"column":0},"end":{"line":56,"column":63}},"56":{"start":{"line":57,"column":0},"end":{"line":57,"column":67}},"57":{"start":{"line":58,"column":0},"end":{"line":58,"column":27}},"58":{"start":{"line":59,"column":0},"end":{"line":59,"column":25}},"59":{"start":{"line":60,"column":0},"end":{"line":60,"column":50}},"60":{"start":{"line":61,"column":0},"end":{"line":61,"column":33}},"61":{"start":{"line":62,"column":0},"end":{"line":62,"column":14}},"62":{"start":{"line":63,"column":0},"end":{"line":63,"column":24}},"63":{"start":{"line":64,"column":0},"end":{"line":64,"column":14}},"65":{"start":{"line":66,"column":0},"end":{"line":66,"column":46}},"66":{"start":{"line":67,"column":0},"end":{"line":67,"column":15}},"67":{"start":{"line":68,"column":0},"end":{"line":68,"column":50}},"69":{"start":{"line":70,"column":0},"end":{"line":70,"column":17}},"70":{"start":{"line":71,"column":0},"end":{"line":71,"column":55}},"72":{"start":{"line":73,"column":0},"end":{"line":73,"column":17}},"73":{"start":{"line":74,"column":0},"end":{"line":74,"column":14}},"74":{"start":{"line":75,"column":0},"end":{"line":75,"column":12}},"75":{"start":{"line":76,"column":0},"end":{"line":76,"column":10}},"77":{"start":{"line":78,"column":0},"end":{"line":78,"column":2}}},"s":{"0":1,"1":1,"2":1,"4":1,"10":1,"13":1,"15":1,"16":10,"17":10,"19":10,"20":2,"21":2,"23":10,"24":10,"25":10,"26":10,"27":10,"28":10,"29":10,"30":10,"31":10,"34":10,"35":10,"36":10,"37":10,"38":10,"39":10,"41":10,"42":2,"44":8,"46":10,"47":10,"48":10,"49":10,"50":10,"51":10,"52":10,"53":10,"55":10,"56":10,"57":10,"58":10,"59":10,"60":10,"61":10,"62":10,"63":10,"65":10,"66":10,"67":10,"69":10,"70":10,"72":10,"73":10,"74":10,"75":10,"77":10},"branchMap":{"0":{"type":"branch","line":16,"loc":{"start":{"line":16,"column":26},"end":{"line":78,"column":2}},"locations":[{"start":{"line":16,"column":26},"end":{"line":78,"column":2}}]},"1":{"type":"branch","line":32,"loc":{"start":{"line":32,"column":14},"end":{"line":32,"column":53}},"locations":[{"start":{"line":32,"column":14},"end":{"line":32,"column":53}}]},"2":{"type":"branch","line":32,"loc":{"start":{"line":32,"column":26},"end":{"line":32,"column":76}},"locations":[{"start":{"line":32,"column":26},"end":{"line":32,"column":76}}]},"3":{"type":"branch","line":35,"loc":{"start":{"line":35,"column":13},"end":{"line":35,"column":51}},"locations":[{"start":{"line":35,"column":13},"end":{"line":35,"column":51}}]},"4":{"type":"branch","line":35,"loc":{"start":{"line":35,"column":46},"end":{"line":35,"column":74}},"locations":[{"start":{"line":35,"column":46},"end":{"line":35,"column":74}}]},"5":{"type":"branch","line":40,"loc":{"start":{"line":40,"column":35},"end":{"line":40,"column":56}},"locations":[{"start":{"line":40,"column":35},"end":{"line":40,"column":56}}]},"6":{"type":"branch","line":40,"loc":{"start":{"line":40,"column":39},"end":{"line":40,"column":69}},"locations":[{"start":{"line":40,"column":39},"end":{"line":40,"column":69}}]},"7":{"type":"branch","line":42,"loc":{"start":{"line":42,"column":24},"end":{"line":43,"column":42}},"locations":[{"start":{"line":42,"column":24},"end":{"line":43,"column":42}}]},"8":{"type":"branch","line":43,"loc":{"start":{"line":43,"column":40},"end":{"line":45,"column":42}},"locations":[{"start":{"line":43,"column":40},"end":{"line":45,"column":42}}]},"9":{"type":"branch","line":20,"loc":{"start":{"line":20,"column":27},"end":{"line":22,"column":4}},"locations":[{"start":{"line":20,"column":27},"end":{"line":22,"column":4}}]},"10":{"type":"branch","line":21,"loc":{"start":{"line":21,"column":34},"end":{"line":21,"column":44}},"locations":[{"start":{"line":21,"column":34},"end":{"line":21,"column":44}}]},"11":{"type":"branch","line":21,"loc":{"start":{"line":21,"column":38},"end":{"line":21,"column":45}},"locations":[{"start":{"line":21,"column":38},"end":{"line":21,"column":45}}]},"12":{"type":"branch","line":29,"loc":{"start":{"line":29,"column":21},"end":{"line":29,"column":53}},"locations":[{"start":{"line":29,"column":21},"end":{"line":29,"column":53}}]},"13":{"type":"branch","line":51,"loc":{"start":{"line":51,"column":27},"end":{"line":51,"column":68}},"locations":[{"start":{"line":51,"column":27},"end":{"line":51,"column":68}}]}},"b":{"0":[10],"1":[1],"2":[9],"3":[1],"4":[9],"5":[2],"6":[8],"7":[2],"8":[8],"9":[2],"10":[1],"11":[1],"12":[1],"13":[1]},"fnMap":{"0":{"name":"Navigation","decl":{"start":{"line":16,"column":26},"end":{"line":78,"column":2}},"loc":{"start":{"line":16,"column":26},"end":{"line":78,"column":2}},"line":16},"1":{"name":"handleToggleMute","decl":{"start":{"line":20,"column":27},"end":{"line":22,"column":4}},"loc":{"start":{"line":20,"column":27},"end":{"line":22,"column":4}},"line":20},"2":{"name":"onClick","decl":{"start":{"line":29,"column":21},"end":{"line":29,"column":53}},"loc":{"start":{"line":29,"column":21},"end":{"line":29,"column":53}},"line":29},"3":{"name":"onValueChange","decl":{"start":{"line":51,"column":27},"end":{"line":51,"column":68}},"loc":{"start":{"line":51,"column":27},"end":{"line":51,"column":68}},"line":51}},"f":{"0":10,"1":2,"2":1,"3":1}}
,"/Users/sunay/Desktop/aoe_wiki/src/components/Spinner.tsx": {"path":"/Users/sunay/Desktop/aoe_wiki/src/components/Spinner.tsx","all":true,"statementMap":{"0":{"start":{"line":1,"column":0},"end":{"line":1,"column":43}},"6":{"start":{"line":7,"column":0},"end":{"line":7,"column":63}},"7":{"start":{"line":8,"column":0},"end":{"line":8,"column":16}},"8":{"start":{"line":9,"column":0},"end":{"line":9,"column":12}},"9":{"start":{"line":10,"column":0},"end":{"line":10,"column":45}},"10":{"start":{"line":11,"column":0},"end":{"line":11,"column":46}},"11":{"start":{"line":12,"column":0},"end":{"line":12,"column":12}},"13":{"start":{"line":14,"column":0},"end":{"line":14,"column":3}},"15":{"start":{"line":16,"column":0},"end":{"line":16,"column":48}},"16":{"start":{"line":17,"column":0},"end":{"line":17,"column":2}}},"s":{"0":0,"6":0,"7":0,"8":0,"9":0,"10":0,"11":0,"13":0,"15":0,"16":0},"branchMap":{"0":{"type":"branch","line":1,"loc":{"start":{"line":1,"column":242},"end":{"line":17,"column":-160}},"locations":[{"start":{"line":1,"column":242},"end":{"line":17,"column":-160}}]}},"b":{"0":[0]},"fnMap":{"0":{"name":"(empty-report)","decl":{"start":{"line":1,"column":242},"end":{"line":17,"column":-160}},"loc":{"start":{"line":1,"column":242},"end":{"line":17,"column":-160}},"line":1}},"f":{"0":0}}
,"/Users/sunay/Desktop/aoe_wiki/src/components/Icons/CheckIcon.tsx": {"path":"/Users/sunay/Desktop/aoe_wiki/src/components/Icons/CheckIcon.tsx","all":false,"statementMap":{"2":{"start":{"line":3,"column":0},"end":{"line":3,"column":68}},"3":{"start":{"line":4,"column":0},"end":{"line":4,"column":6}},"4":{"start":{"line":5,"column":0},"end":{"line":5,"column":38}},"5":{"start":{"line":6,"column":0},"end":{"line":6,"column":14}},"6":{"start":{"line":7,"column":0},"end":{"line":7,"column":15}},"7":{"start":{"line":8,"column":0},"end":{"line":8,"column":23}},"8":{"start":{"line":9,"column":0},"end":{"line":9,"column":15}},"9":{"start":{"line":10,"column":0},"end":{"line":10,"column":25}},"10":{"start":{"line":11,"column":0},"end":{"line":11,"column":19}},"11":{"start":{"line":12,"column":0},"end":{"line":12,"column":25}},"12":{"start":{"line":13,"column":0},"end":{"line":13,"column":26}},"13":{"start":{"line":14,"column":0},"end":{"line":14,"column":14}},"15":{"start":{"line":16,"column":0},"end":{"line":16,"column":49}},"16":{"start":{"line":17,"column":0},"end":{"line":17,"column":8}}},"s":{"2":1,"3":8,"4":8,"5":8,"6":8,"7":8,"8":8,"9":8,"10":8,"11":8,"12":8,"13":8,"15":8,"16":8},"branchMap":{"0":{"type":"branch","line":3,"loc":{"start":{"line":3,"column":25},"end":{"line":17,"column":8}},"locations":[{"start":{"line":3,"column":25},"end":{"line":17,"column":8}}]}},"b":{"0":[8]},"fnMap":{"0":{"name":"CheckIcon","decl":{"start":{"line":3,"column":25},"end":{"line":17,"column":8}},"loc":{"start":{"line":3,"column":25},"end":{"line":17,"column":8}},"line":3}},"f":{"0":8}}
,"/Users/sunay/Desktop/aoe_wiki/src/components/Icons/MagnifyingGlassIcon.tsx": {"path":"/Users/sunay/Desktop/aoe_wiki/src/components/Icons/MagnifyingGlassIcon.tsx","all":false,"statementMap":{"6":{"start":{"line":7,"column":0},"end":{"line":7,"column":58}},"7":{"start":{"line":8,"column":0},"end":{"line":8,"column":64}},"9":{"start":{"line":10,"column":0},"end":{"line":10,"column":10}},"10":{"start":{"line":11,"column":0},"end":{"line":11,"column":8}},"11":{"start":{"line":12,"column":0},"end":{"line":12,"column":40}},"12":{"start":{"line":13,"column":0},"end":{"line":13,"column":18}},"13":{"start":{"line":14,"column":0},"end":{"line":14,"column":19}},"14":{"start":{"line":15,"column":0},"end":{"line":15,"column":17}},"15":{"start":{"line":16,"column":0},"end":{"line":16,"column":27}},"16":{"start":{"line":17,"column":0},"end":{"line":17,"column":27}},"17":{"start":{"line":18,"column":0},"end":{"line":18,"column":28}},"18":{"start":{"line":19,"column":0},"end":{"line":19,"column":31}},"19":{"start":{"line":20,"column":0},"end":{"line":20,"column":27}},"20":{"start":{"line":21,"column":0},"end":{"line":21,"column":27}},"22":{"start":{"line":23,"column":0},"end":{"line":23,"column":167}},"23":{"start":{"line":24,"column":0},"end":{"line":24,"column":10}},"25":{"start":{"line":26,"column":0},"end":{"line":26,"column":2}}},"s":{"6":1,"7":0,"9":0,"10":0,"11":0,"12":0,"13":0,"14":0,"15":0,"16":0,"17":0,"18":0,"19":0,"20":0,"22":0,"23":0,"25":0},"branchMap":{},"b":{},"fnMap":{"0":{"name":"MagnifyingGlassIcon","decl":{"start":{"line":7,"column":35},"end":{"line":26,"column":2}},"loc":{"start":{"line":7,"column":35},"end":{"line":26,"column":2}},"line":7}},"f":{"0":0}}
,"/Users/sunay/Desktop/aoe_wiki/src/components/Icons/PauseIcon.tsx": {"path":"/Users/sunay/Desktop/aoe_wiki/src/components/Icons/PauseIcon.tsx","all":false,"statementMap":{"5":{"start":{"line":6,"column":0},"end":{"line":6,"column":66}},"6":{"start":{"line":7,"column":0},"end":{"line":7,"column":6}},"7":{"start":{"line":8,"column":0},"end":{"line":8,"column":38}},"8":{"start":{"line":9,"column":0},"end":{"line":9,"column":16}},"9":{"start":{"line":10,"column":0},"end":{"line":10,"column":17}},"10":{"start":{"line":11,"column":0},"end":{"line":11,"column":23}},"11":{"start":{"line":12,"column":0},"end":{"line":12,"column":23}},"12":{"start":{"line":13,"column":0},"end":{"line":13,"column":14}},"14":{"start":{"line":15,"column":0},"end":{"line":15,"column":156}},"15":{"start":{"line":16,"column":0},"end":{"line":16,"column":8}}},"s":{"5":1,"6":1,"7":1,"8":1,"9":1,"10":1,"11":1,"12":1,"14":1,"15":1},"branchMap":{"0":{"type":"branch","line":6,"loc":{"start":{"line":6,"column":25},"end":{"line":16,"column":8}},"locations":[{"start":{"line":6,"column":25},"end":{"line":16,"column":8}}]}},"b":{"0":[1]},"fnMap":{"0":{"name":"PauseIcon","decl":{"start":{"line":6,"column":25},"end":{"line":16,"column":8}},"loc":{"start":{"line":6,"column":25},"end":{"line":16,"column":8}},"line":6}},"f":{"0":1}}
,"/Users/sunay/Desktop/aoe_wiki/src/components/Icons/PlayIcon.tsx": {"path":"/Users/sunay/Desktop/aoe_wiki/src/components/Icons/PlayIcon.tsx","all":false,"statementMap":{"5":{"start":{"line":6,"column":0},"end":{"line":6,"column":65}},"6":{"start":{"line":7,"column":0},"end":{"line":7,"column":6}},"7":{"start":{"line":8,"column":0},"end":{"line":8,"column":38}},"8":{"start":{"line":9,"column":0},"end":{"line":9,"column":16}},"9":{"start":{"line":10,"column":0},"end":{"line":10,"column":17}},"10":{"start":{"line":11,"column":0},"end":{"line":11,"column":23}},"11":{"start":{"line":12,"column":0},"end":{"line":12,"column":23}},"12":{"start":{"line":13,"column":0},"end":{"line":13,"column":14}},"14":{"start":{"line":15,"column":0},"end":{"line":15,"column":50}},"15":{"start":{"line":16,"column":0},"end":{"line":16,"column":8}}},"s":{"5":1,"6":9,"7":9,"8":9,"9":9,"10":9,"11":9,"12":9,"14":9,"15":9},"branchMap":{"0":{"type":"branch","line":6,"loc":{"start":{"line":6,"column":24},"end":{"line":16,"column":8}},"locations":[{"start":{"line":6,"column":24},"end":{"line":16,"column":8}}]}},"b":{"0":[9]},"fnMap":{"0":{"name":"PlayIcon","decl":{"start":{"line":6,"column":24},"end":{"line":16,"column":8}},"loc":{"start":{"line":6,"column":24},"end":{"line":16,"column":8}},"line":6}},"f":{"0":9}}
,"/Users/sunay/Desktop/aoe_wiki/src/components/Icons/VolumeHighIcon.tsx": {"path":"/Users/sunay/Desktop/aoe_wiki/src/components/Icons/VolumeHighIcon.tsx","all":false,"statementMap":{"5":{"start":{"line":6,"column":0},"end":{"line":6,"column":71}},"6":{"start":{"line":7,"column":0},"end":{"line":7,"column":6}},"7":{"start":{"line":8,"column":0},"end":{"line":8,"column":38}},"8":{"start":{"line":9,"column":0},"end":{"line":9,"column":16}},"9":{"start":{"line":10,"column":0},"end":{"line":10,"column":17}},"10":{"start":{"line":11,"column":0},"end":{"line":11,"column":23}},"11":{"start":{"line":12,"column":0},"end":{"line":12,"column":23}},"12":{"start":{"line":13,"column":0},"end":{"line":13,"column":14}},"14":{"start":{"line":15,"column":0},"end":{"line":15,"column":162}},"15":{"start":{"line":16,"column":0},"end":{"line":16,"column":159}},"16":{"start":{"line":17,"column":0},"end":{"line":17,"column":293}},"17":{"start":{"line":18,"column":0},"end":{"line":18,"column":8}}},"s":{"5":1,"6":8,"7":8,"8":8,"9":8,"10":8,"11":8,"12":8,"14":8,"15":8,"16":8,"17":8},"branchMap":{"0":{"type":"branch","line":6,"loc":{"start":{"line":6,"column":30},"end":{"line":18,"column":8}},"locations":[{"start":{"line":6,"column":30},"end":{"line":18,"column":8}}]}},"b":{"0":[8]},"fnMap":{"0":{"name":"VolumeHighIcon","decl":{"start":{"line":6,"column":30},"end":{"line":18,"column":8}},"loc":{"start":{"line":6,"column":30},"end":{"line":18,"column":8}},"line":6}},"f":{"0":8}}
,"/Users/sunay/Desktop/aoe_wiki/src/components/Icons/VolumeMuteIcon.tsx": {"path":"/Users/sunay/Desktop/aoe_wiki/src/components/Icons/VolumeMuteIcon.tsx","all":false,"statementMap":{"5":{"start":{"line":6,"column":0},"end":{"line":6,"column":71}},"6":{"start":{"line":7,"column":0},"end":{"line":7,"column":6}},"7":{"start":{"line":8,"column":0},"end":{"line":8,"column":38}},"8":{"start":{"line":9,"column":0},"end":{"line":9,"column":16}},"9":{"start":{"line":10,"column":0},"end":{"line":10,"column":17}},"10":{"start":{"line":11,"column":0},"end":{"line":11,"column":23}},"11":{"start":{"line":12,"column":0},"end":{"line":12,"column":23}},"12":{"start":{"line":13,"column":0},"end":{"line":13,"column":14}},"14":{"start":{"line":15,"column":0},"end":{"line":15,"column":351}},"15":{"start":{"line":16,"column":0},"end":{"line":16,"column":8}}},"s":{"5":1,"6":2,"7":2,"8":2,"9":2,"10":2,"11":2,"12":2,"14":2,"15":2},"branchMap":{"0":{"type":"branch","line":6,"loc":{"start":{"line":6,"column":30},"end":{"line":16,"column":8}},"locations":[{"start":{"line":6,"column":30},"end":{"line":16,"column":8}}]}},"b":{"0":[2]},"fnMap":{"0":{"name":"VolumeMuteIcon","decl":{"start":{"line":6,"column":30},"end":{"line":16,"column":8}},"loc":{"start":{"line":6,"column":30},"end":{"line":16,"column":8}},"line":6}},"f":{"0":2}}
,"/Users/sunay/Desktop/aoe_wiki/src/components/Icons/index.ts": {"path":"/Users/sunay/Desktop/aoe_wiki/src/components/Icons/index.ts","all":false,"statementMap":{"0":{"start":{"line":1,"column":0},"end":{"line":1,"column":28}},"1":{"start":{"line":2,"column":0},"end":{"line":2,"column":38}},"2":{"start":{"line":3,"column":0},"end":{"line":3,"column":28}},"3":{"start":{"line":4,"column":0},"end":{"line":4,"column":27}},"4":{"start":{"line":5,"column":0},"end":{"line":5,"column":33}},"5":{"start":{"line":6,"column":0},"end":{"line":6,"column":33}}},"s":{"0":1,"1":1,"2":1,"3":1,"4":1,"5":1},"branchMap":{},"b":{},"fnMap":{},"f":{}}
,"/Users/sunay/Desktop/aoe_wiki/src/features/FilterSection/AgeFilter.tsx": {"path":"/Users/sunay/Desktop/aoe_wiki/src/features/FilterSection/AgeFilter.tsx","all":false,"statementMap":{"0":{"start":{"line":1,"column":0},"end":{"line":1,"column":60}},"3":{"start":{"line":4,"column":0},"end":{"line":4,"column":44}},"4":{"start":{"line":5,"column":0},"end":{"line":5,"column":45}},"11":{"start":{"line":12,"column":0},"end":{"line":12,"column":53}},"12":{"start":{"line":13,"column":0},"end":{"line":13,"column":14}},"13":{"start":{"line":14,"column":0},"end":{"line":14,"column":14}},"14":{"start":{"line":15,"column":0},"end":{"line":15,"column":7}},"15":{"start":{"line":16,"column":0},"end":{"line":16,"column":72}},"17":{"start":{"line":18,"column":0},"end":{"line":18,"column":48}},"18":{"start":{"line":19,"column":0},"end":{"line":19,"column":47}},"19":{"start":{"line":20,"column":0},"end":{"line":20,"column":32}},"20":{"start":{"line":21,"column":0},"end":{"line":21,"column":12}},"21":{"start":{"line":22,"column":0},"end":{"line":22,"column":25}},"22":{"start":{"line":23,"column":0},"end":{"line":23,"column":5}},"23":{"start":{"line":24,"column":0},"end":{"line":24,"column":4}},"25":{"start":{"line":26,"column":0},"end":{"line":26,"column":10}},"26":{"start":{"line":27,"column":0},"end":{"line":27,"column":47}},"27":{"start":{"line":28,"column":0},"end":{"line":28,"column":71}},"29":{"start":{"line":30,"column":0},"end":{"line":30,"column":14}},"30":{"start":{"line":31,"column":0},"end":{"line":31,"column":23}},"31":{"start":{"line":32,"column":0},"end":{"line":32,"column":29}},"32":{"start":{"line":33,"column":0},"end":{"line":33,"column":38}},"33":{"start":{"line":34,"column":0},"end":{"line":34,"column":21}},"34":{"start":{"line":35,"column":0},"end":{"line":35,"column":28}},"35":{"start":{"line":36,"column":0},"end":{"line":36,"column":41}},"36":{"start":{"line":37,"column":0},"end":{"line":37,"column":40}},"37":{"start":{"line":38,"column":0},"end":{"line":38,"column":26}},"39":{"start":{"line":40,"column":0},"end":{"line":40,"column":28}},"40":{"start":{"line":41,"column":0},"end":{"line":41,"column":27}},"41":{"start":{"line":42,"column":0},"end":{"line":42,"column":21}},"42":{"start":{"line":43,"column":0},"end":{"line":43,"column":23}},"43":{"start":{"line":44,"column":0},"end":{"line":44,"column":46}},"44":{"start":{"line":45,"column":0},"end":{"line":45,"column":47}},"45":{"start":{"line":46,"column":0},"end":{"line":46,"column":24}},"47":{"start":{"line":48,"column":0},"end":{"line":48,"column":17}},"48":{"start":{"line":49,"column":0},"end":{"line":49,"column":29}},"49":{"start":{"line":50,"column":0},"end":{"line":50,"column":11}},"50":{"start":{"line":51,"column":0},"end":{"line":51,"column":25}},"51":{"start":{"line":52,"column":0},"end":{"line":52,"column":10}},"53":{"start":{"line":54,"column":0},"end":{"line":54,"column":2}}},"s":{"0":1,"3":1,"4":1,"11":1,"12":11,"13":11,"14":11,"15":11,"17":11,"18":3,"19":3,"20":3,"21":0,"22":0,"23":3,"25":11,"26":11,"27":11,"29":11,"30":11,"31":11,"32":11,"33":11,"34":11,"35":11,"36":11,"37":11,"39":11,"40":55,"41":55,"42":55,"43":55,"44":55,"45":55,"47":55,"48":55,"49":11,"50":11,"51":11,"53":11},"branchMap":{"0":{"type":"branch","line":12,"loc":{"start":{"line":12,"column":51},"end":{"line":54,"column":2}},"locations":[{"start":{"line":12,"column":51},"end":{"line":54,"column":2}}]},"1":{"type":"branch","line":16,"loc":{"start":{"line":16,"column":48},"end":{"line":16,"column":66}},"locations":[{"start":{"line":16,"column":48},"end":{"line":16,"column":66}}]},"2":{"type":"branch","line":16,"loc":{"start":{"line":16,"column":52},"end":{"line":16,"column":72}},"locations":[{"start":{"line":16,"column":52},"end":{"line":16,"column":72}}]},"3":{"type":"branch","line":18,"loc":{"start":{"line":18,"column":28},"end":{"line":24,"column":4}},"locations":[{"start":{"line":18,"column":28},"end":{"line":24,"column":4}}]},"4":{"type":"branch","line":21,"loc":{"start":{"line":21,"column":4},"end":{"line":23,"column":5}},"locations":[{"start":{"line":21,"column":4},"end":{"line":23,"column":5}}]},"5":{"type":"branch","line":40,"loc":{"start":{"line":40,"column":18},"end":{"line":49,"column":29}},"locations":[{"start":{"line":40,"column":18},"end":{"line":49,"column":29}}]}},"b":{"0":[11],"1":[10],"2":[1],"3":[3],"4":[0],"5":[55]},"fnMap":{"0":{"name":"AgeFilter","decl":{"start":{"line":12,"column":51},"end":{"line":54,"column":2}},"loc":{"start":{"line":12,"column":51},"end":{"line":54,"column":2}},"line":12},"1":{"name":"handleValueChange","decl":{"start":{"line":18,"column":28},"end":{"line":24,"column":4}},"loc":{"start":{"line":18,"column":28},"end":{"line":24,"column":4}},"line":18}},"f":{"0":11,"1":3}}
,"/Users/sunay/Desktop/aoe_wiki/src/features/FilterSection/CostFilter.tsx": {"path":"/Users/sunay/Desktop/aoe_wiki/src/features/FilterSection/CostFilter.tsx","all":false,"statementMap":{"0":{"start":{"line":1,"column":0},"end":{"line":1,"column":53}},"1":{"start":{"line":2,"column":0},"end":{"line":2,"column":47}},"2":{"start":{"line":3,"column":0},"end":{"line":3,"column":49}},"3":{"start":{"line":4,"column":0},"end":{"line":4,"column":51}},"7":{"start":{"line":8,"column":0},"end":{"line":8,"column":51}},"8":{"start":{"line":9,"column":0},"end":{"line":9,"column":8}},"15":{"start":{"line":16,"column":0},"end":{"line":16,"column":46}},"25":{"start":{"line":26,"column":0},"end":{"line":26,"column":55}},"26":{"start":{"line":27,"column":0},"end":{"line":27,"column":14}},"27":{"start":{"line":28,"column":0},"end":{"line":28,"column":15}},"28":{"start":{"line":29,"column":0},"end":{"line":29,"column":7}},"29":{"start":{"line":30,"column":0},"end":{"line":30,"column":76}},"31":{"start":{"line":32,"column":0},"end":{"line":32,"column":19}},"32":{"start":{"line":33,"column":0},"end":{"line":33,"column":37}},"33":{"start":{"line":34,"column":0},"end":{"line":34,"column":20}},"35":{"start":{"line":36,"column":0},"end":{"line":36,"column":31}},"36":{"start":{"line":37,"column":0},"end":{"line":37,"column":39}},"37":{"start":{"line":38,"column":0},"end":{"line":38,"column":19}},"38":{"start":{"line":39,"column":0},"end":{"line":39,"column":8}},"39":{"start":{"line":40,"column":0},"end":{"line":40,"column":27}},"40":{"start":{"line":41,"column":0},"end":{"line":41,"column":66}},"41":{"start":{"line":42,"column":0},"end":{"line":42,"column":39}},"42":{"start":{"line":43,"column":0},"end":{"line":43,"column":73}},"43":{"start":{"line":44,"column":0},"end":{"line":44,"column":12}},"44":{"start":{"line":45,"column":0},"end":{"line":45,"column":31}},"45":{"start":{"line":46,"column":0},"end":{"line":46,"column":65}},"46":{"start":{"line":47,"column":0},"end":{"line":47,"column":5}},"47":{"start":{"line":48,"column":0},"end":{"line":48,"column":4}},"49":{"start":{"line":50,"column":0},"end":{"line":50,"column":72}},"50":{"start":{"line":51,"column":0},"end":{"line":51,"column":29}},"51":{"start":{"line":52,"column":0},"end":{"line":52,"column":38}},"52":{"start":{"line":53,"column":0},"end":{"line":53,"column":16}},"53":{"start":{"line":54,"column":0},"end":{"line":54,"column":37}},"54":{"start":{"line":55,"column":0},"end":{"line":55,"column":10}},"55":{"start":{"line":56,"column":0},"end":{"line":56,"column":5}},"56":{"start":{"line":57,"column":0},"end":{"line":57,"column":4}},"58":{"start":{"line":59,"column":0},"end":{"line":59,"column":67}},"59":{"start":{"line":60,"column":0},"end":{"line":60,"column":29}},"60":{"start":{"line":61,"column":0},"end":{"line":61,"column":47}},"61":{"start":{"line":62,"column":0},"end":{"line":62,"column":5}},"62":{"start":{"line":63,"column":0},"end":{"line":63,"column":4}},"64":{"start":{"line":65,"column":0},"end":{"line":65,"column":10}},"65":{"start":{"line":66,"column":0},"end":{"line":66,"column":48}},"66":{"start":{"line":67,"column":0},"end":{"line":67,"column":43}},"67":{"start":{"line":68,"column":0},"end":{"line":68,"column":60}},"68":{"start":{"line":69,"column":0},"end":{"line":69,"column":12}},"69":{"start":{"line":70,"column":0},"end":{"line":70,"column":47}},"70":{"start":{"line":71,"column":0},"end":{"line":71,"column":35}},"71":{"start":{"line":72,"column":0},"end":{"line":72,"column":53}},"72":{"start":{"line":73,"column":0},"end":{"line":73,"column":78}},"73":{"start":{"line":74,"column":0},"end":{"line":74,"column":58}},"74":{"start":{"line":75,"column":0},"end":{"line":75,"column":62}},"76":{"start":{"line":77,"column":0},"end":{"line":77,"column":18}},"77":{"start":{"line":78,"column":0},"end":{"line":78,"column":16}},"78":{"start":{"line":79,"column":0},"end":{"line":79,"column":24}},"79":{"start":{"line":80,"column":0},"end":{"line":80,"column":44}},"80":{"start":{"line":81,"column":0},"end":{"line":81,"column":60}},"82":{"start":{"line":83,"column":0},"end":{"line":83,"column":56}},"83":{"start":{"line":84,"column":0},"end":{"line":84,"column":30}},"84":{"start":{"line":85,"column":0},"end":{"line":85,"column":49}},"85":{"start":{"line":86,"column":0},"end":{"line":86,"column":36}},"86":{"start":{"line":87,"column":0},"end":{"line":87,"column":47}},"87":{"start":{"line":88,"column":0},"end":{"line":88,"column":54}},"89":{"start":{"line":90,"column":0},"end":{"line":90,"column":33}},"90":{"start":{"line":91,"column":0},"end":{"line":91,"column":55}},"92":{"start":{"line":93,"column":0},"end":{"line":93,"column":75}},"93":{"start":{"line":94,"column":0},"end":{"line":94,"column":33}},"94":{"start":{"line":95,"column":0},"end":{"line":95,"column":39}},"95":{"start":{"line":96,"column":0},"end":{"line":96,"column":32}},"96":{"start":{"line":97,"column":0},"end":{"line":97,"column":27}},"97":{"start":{"line":98,"column":0},"end":{"line":98,"column":50}},"98":{"start":{"line":99,"column":0},"end":{"line":99,"column":38}},"100":{"start":{"line":101,"column":0},"end":{"line":101,"column":24}},"101":{"start":{"line":102,"column":0},"end":{"line":102,"column":29}},"102":{"start":{"line":103,"column":0},"end":{"line":103,"column":20}},"104":{"start":{"line":105,"column":0},"end":{"line":105,"column":62}},"105":{"start":{"line":106,"column":0},"end":{"line":106,"column":56}},"106":{"start":{"line":107,"column":0},"end":{"line":107,"column":30}},"107":{"start":{"line":108,"column":0},"end":{"line":108,"column":49}},"108":{"start":{"line":109,"column":0},"end":{"line":109,"column":74}},"109":{"start":{"line":110,"column":0},"end":{"line":110,"column":45}},"110":{"start":{"line":111,"column":0},"end":{"line":111,"column":58}},"112":{"start":{"line":113,"column":0},"end":{"line":113,"column":78}},"113":{"start":{"line":114,"column":0},"end":{"line":114,"column":34}},"114":{"start":{"line":115,"column":0},"end":{"line":115,"column":34}},"115":{"start":{"line":116,"column":0},"end":{"line":116,"column":36}},"116":{"start":{"line":117,"column":0},"end":{"line":117,"column":45}},"117":{"start":{"line":118,"column":0},"end":{"line":118,"column":62}},"118":{"start":{"line":119,"column":0},"end":{"line":119,"column":33}},"119":{"start":{"line":120,"column":0},"end":{"line":120,"column":40}},"121":{"start":{"line":122,"column":0},"end":{"line":122,"column":65}},"122":{"start":{"line":123,"column":0},"end":{"line":123,"column":56}},"123":{"start":{"line":124,"column":0},"end":{"line":124,"column":70}},"124":{"start":{"line":125,"column":0},"end":{"line":125,"column":37}},"125":{"start":{"line":126,"column":0},"end":{"line":126,"column":32}},"126":{"start":{"line":127,"column":0},"end":{"line":127,"column":40}},"127":{"start":{"line":128,"column":0},"end":{"line":128,"column":57}},"128":{"start":{"line":129,"column":0},"end":{"line":129,"column":77}},"129":{"start":{"line":130,"column":0},"end":{"line":130,"column":48}},"130":{"start":{"line":131,"column":0},"end":{"line":131,"column":30}},"132":{"start":{"line":133,"column":0},"end":{"line":133,"column":26}},"133":{"start":{"line":134,"column":0},"end":{"line":134,"column":28}},"134":{"start":{"line":135,"column":0},"end":{"line":135,"column":69}},"135":{"start":{"line":136,"column":0},"end":{"line":136,"column":35}},"136":{"start":{"line":137,"column":0},"end":{"line":137,"column":33}},"137":{"start":{"line":138,"column":0},"end":{"line":138,"column":52}},"138":{"start":{"line":139,"column":0},"end":{"line":139,"column":47}},"139":{"start":{"line":140,"column":0},"end":{"line":140,"column":22}},"140":{"start":{"line":141,"column":0},"end":{"line":141,"column":33}},"141":{"start":{"line":142,"column":0},"end":{"line":142,"column":52}},"142":{"start":{"line":143,"column":0},"end":{"line":143,"column":47}},"143":{"start":{"line":144,"column":0},"end":{"line":144,"column":22}},"144":{"start":{"line":145,"column":0},"end":{"line":145,"column":32}},"145":{"start":{"line":146,"column":0},"end":{"line":146,"column":22}},"147":{"start":{"line":148,"column":0},"end":{"line":148,"column":72}},"148":{"start":{"line":149,"column":0},"end":{"line":149,"column":59}},"149":{"start":{"line":150,"column":0},"end":{"line":150,"column":22}},"150":{"start":{"line":151,"column":0},"end":{"line":151,"column":20}},"151":{"start":{"line":152,"column":0},"end":{"line":152,"column":18}},"153":{"start":{"line":154,"column":0},"end":{"line":154,"column":11}},"154":{"start":{"line":155,"column":0},"end":{"line":155,"column":12}},"155":{"start":{"line":156,"column":0},"end":{"line":156,"column":10}},"157":{"start":{"line":158,"column":0},"end":{"line":158,"column":2}}},"s":{"0":1,"1":1,"2":1,"3":1,"7":1,"8":1,"15":1,"25":1,"26":26,"27":26,"28":26,"29":26,"31":26,"32":11,"33":26,"35":26,"36":4,"37":4,"38":4,"39":4,"40":2,"41":2,"42":2,"43":2,"44":2,"45":2,"46":2,"47":4,"49":26,"50":0,"51":0,"52":0,"53":0,"54":0,"55":0,"56":0,"58":26,"59":0,"60":0,"61":0,"62":0,"64":26,"65":26,"66":26,"67":26,"68":26,"69":26,"70":26,"71":78,"72":78,"73":78,"74":78,"76":78,"77":78,"78":78,"79":78,"80":78,"82":78,"83":78,"84":78,"85":78,"86":78,"87":4,"89":78,"90":78,"92":78,"93":78,"94":78,"95":78,"96":78,"97":78,"98":78,"100":78,"101":78,"102":78,"104":78,"105":78,"106":78,"107":78,"108":78,"109":78,"110":0,"112":78,"113":78,"114":78,"115":78,"116":78,"117":78,"118":78,"119":78,"121":78,"122":78,"123":78,"124":78,"125":702,"126":702,"127":702,"128":702,"129":702,"130":702,"132":78,"133":78,"134":78,"135":78,"136":78,"137":78,"138":78,"139":78,"140":78,"141":78,"142":78,"143":78,"144":78,"145":78,"147":78,"148":78,"149":78,"150":78,"151":78,"153":26,"154":26,"155":26,"157":26},"branchMap":{"0":{"type":"branch","line":26,"loc":{"start":{"line":26,"column":53},"end":{"line":158,"column":2}},"locations":[{"start":{"line":26,"column":53},"end":{"line":158,"column":2}}]},"1":{"type":"branch","line":32,"loc":{"start":{"line":32,"column":12},"end":{"line":34,"column":5}},"locations":[{"start":{"line":32,"column":12},"end":{"line":34,"column":5}}]},"2":{"type":"branch","line":36,"loc":{"start":{"line":36,"column":30},"end":{"line":48,"column":4}},"locations":[{"start":{"line":36,"column":30},"end":{"line":48,"column":4}}]},"3":{"type":"branch","line":40,"loc":{"start":{"line":40,"column":26},"end":{"line":47,"column":5}},"locations":[{"start":{"line":40,"column":26},"end":{"line":47,"column":5}}]},"4":{"type":"branch","line":43,"loc":{"start":{"line":43,"column":26},"end":{"line":43,"column":71}},"locations":[{"start":{"line":43,"column":26},"end":{"line":43,"column":71}}]},"5":{"type":"branch","line":46,"loc":{"start":{"line":46,"column":26},"end":{"line":46,"column":63}},"locations":[{"start":{"line":46,"column":26},"end":{"line":46,"column":63}}]},"6":{"type":"branch","line":71,"loc":{"start":{"line":71,"column":24},"end":{"line":154,"column":9}},"locations":[{"start":{"line":71,"column":24},"end":{"line":154,"column":9}}]},"7":{"type":"branch","line":73,"loc":{"start":{"line":73,"column":52},"end":{"line":73,"column":78}},"locations":[{"start":{"line":73,"column":52},"end":{"line":73,"column":78}}]},"8":{"type":"branch","line":109,"loc":{"start":{"line":109,"column":48},"end":{"line":109,"column":74}},"locations":[{"start":{"line":109,"column":48},"end":{"line":109,"column":74}}]},"9":{"type":"branch","line":87,"loc":{"start":{"line":87,"column":35},"end":{"line":88,"column":54}},"locations":[{"start":{"line":87,"column":35},"end":{"line":88,"column":54}}]},"10":{"type":"branch","line":125,"loc":{"start":{"line":125,"column":26},"end":{"line":131,"column":30}},"locations":[{"start":{"line":125,"column":26},"end":{"line":131,"column":30}}]}},"b":{"0":[26],"1":[11],"2":[4],"3":[2],"4":[2],"5":[2],"6":[78],"7":[72],"8":[72],"9":[4],"10":[702]},"fnMap":{"0":{"name":"CostFilter","decl":{"start":{"line":26,"column":53},"end":{"line":158,"column":2}},"loc":{"start":{"line":26,"column":53},"end":{"line":158,"column":2}},"line":26},"1":{"name":"handleCheckedChange","decl":{"start":{"line":36,"column":30},"end":{"line":48,"column":4}},"loc":{"start":{"line":36,"column":30},"end":{"line":48,"column":4}},"line":36},"2":{"name":"handleSliderValueChange","decl":{"start":{"line":50,"column":34},"end":{"line":57,"column":4}},"loc":{"start":{"line":50,"column":34},"end":{"line":57,"column":4}},"line":50},"3":{"name":"handleSliderCommit","decl":{"start":{"line":59,"column":29},"end":{"line":63,"column":4}},"loc":{"start":{"line":59,"column":29},"end":{"line":63,"column":4}},"line":59},"4":{"name":"onCheckedChange","decl":{"start":{"line":87,"column":35},"end":{"line":88,"column":54}},"loc":{"start":{"line":87,"column":35},"end":{"line":88,"column":54}},"line":87},"5":{"name":"onValueChange","decl":{"start":{"line":110,"column":35},"end":{"line":111,"column":58}},"loc":{"start":{"line":110,"column":35},"end":{"line":111,"column":58}},"line":110},"6":{"name":"onValueCommit","decl":{"start":{"line":113,"column":35},"end":{"line":113,"column":78}},"loc":{"start":{"line":113,"column":35},"end":{"line":113,"column":78}},"line":113}},"f":{"0":26,"1":4,"2":0,"3":0,"4":4,"5":0,"6":0}}
,"/Users/sunay/Desktop/aoe_wiki/src/features/FilterSection/FilterSection.tsx": {"path":"/Users/sunay/Desktop/aoe_wiki/src/features/FilterSection/FilterSection.tsx","all":false,"statementMap":{"5":{"start":{"line":6,"column":0},"end":{"line":6,"column":40}},"6":{"start":{"line":7,"column":0},"end":{"line":7,"column":42}},"7":{"start":{"line":8,"column":0},"end":{"line":8,"column":49}},"22":{"start":{"line":23,"column":0},"end":{"line":23,"column":61}},"23":{"start":{"line":24,"column":0},"end":{"line":24,"column":14}},"24":{"start":{"line":25,"column":0},"end":{"line":25,"column":14}},"25":{"start":{"line":26,"column":0},"end":{"line":26,"column":14}},"26":{"start":{"line":27,"column":0},"end":{"line":27,"column":15}},"27":{"start":{"line":28,"column":0},"end":{"line":28,"column":17}},"28":{"start":{"line":29,"column":0},"end":{"line":29,"column":16}},"29":{"start":{"line":30,"column":0},"end":{"line":30,"column":13}},"30":{"start":{"line":31,"column":0},"end":{"line":31,"column":7}},"31":{"start":{"line":32,"column":0},"end":{"line":32,"column":10}},"32":{"start":{"line":33,"column":0},"end":{"line":33,"column":12}},"33":{"start":{"line":34,"column":0},"end":{"line":34,"column":47}},"34":{"start":{"line":35,"column":0},"end":{"line":35,"column":38}},"36":{"start":{"line":37,"column":0},"end":{"line":37,"column":43}},"37":{"start":{"line":38,"column":0},"end":{"line":38,"column":49}},"38":{"start":{"line":39,"column":0},"end":{"line":39,"column":67}},"40":{"start":{"line":41,"column":0},"end":{"line":41,"column":15}},"41":{"start":{"line":42,"column":0},"end":{"line":42,"column":17}},"42":{"start":{"line":43,"column":0},"end":{"line":43,"column":36}},"43":{"start":{"line":44,"column":0},"end":{"line":44,"column":42}},"44":{"start":{"line":45,"column":0},"end":{"line":45,"column":42}},"45":{"start":{"line":46,"column":0},"end":{"line":46,"column":11}},"47":{"start":{"line":48,"column":0},"end":{"line":48,"column":19}},"48":{"start":{"line":49,"column":0},"end":{"line":49,"column":14}},"49":{"start":{"line":50,"column":0},"end":{"line":50,"column":66}},"50":{"start":{"line":51,"column":0},"end":{"line":51,"column":58}},"51":{"start":{"line":52,"column":0},"end":{"line":52,"column":45}},"52":{"start":{"line":53,"column":0},"end":{"line":53,"column":14}},"53":{"start":{"line":54,"column":0},"end":{"line":54,"column":12}},"54":{"start":{"line":55,"column":0},"end":{"line":55,"column":47}},"55":{"start":{"line":56,"column":0},"end":{"line":56,"column":73}},"56":{"start":{"line":57,"column":0},"end":{"line":57,"column":12}},"57":{"start":{"line":58,"column":0},"end":{"line":58,"column":48}},"58":{"start":{"line":59,"column":0},"end":{"line":59,"column":76}},"59":{"start":{"line":60,"column":0},"end":{"line":60,"column":12}},"60":{"start":{"line":61,"column":0},"end":{"line":61,"column":14}},"62":{"start":{"line":63,"column":0},"end":{"line":63,"column":2}}},"s":{"5":1,"6":1,"7":1,"22":1,"23":6,"24":6,"25":6,"26":6,"27":6,"28":6,"29":6,"30":6,"31":6,"32":6,"33":6,"34":6,"36":6,"37":6,"38":6,"40":6,"41":6,"42":6,"43":6,"44":6,"45":6,"47":6,"48":6,"49":6,"50":6,"51":6,"52":6,"53":6,"54":6,"55":6,"56":6,"57":6,"58":6,"59":6,"60":6,"62":6},"branchMap":{"0":{"type":"branch","line":23,"loc":{"start":{"line":23,"column":59},"end":{"line":63,"column":2}},"locations":[{"start":{"line":23,"column":59},"end":{"line":63,"column":2}}]}},"b":{"0":[6]},"fnMap":{"0":{"name":"FilterSection","decl":{"start":{"line":23,"column":59},"end":{"line":63,"column":2}},"loc":{"start":{"line":23,"column":59},"end":{"line":63,"column":2}},"line":23}},"f":{"0":6}}
,"/Users/sunay/Desktop/aoe_wiki/src/features/UnitsTable/TableBody.tsx": {"path":"/Users/sunay/Desktop/aoe_wiki/src/features/UnitsTable/TableBody.tsx","all":true,"statementMap":{"0":{"start":{"line":1,"column":0},"end":{"line":1,"column":56}},"2":{"start":{"line":3,"column":0},"end":{"line":3,"column":46}},"11":{"start":{"line":12,"column":0},"end":{"line":12,"column":66}},"12":{"start":{"line":13,"column":0},"end":{"line":13,"column":7}},"13":{"start":{"line":14,"column":0},"end":{"line":14,"column":16}},"14":{"start":{"line":15,"column":0},"end":{"line":15,"column":13}},"15":{"start":{"line":16,"column":0},"end":{"line":16,"column":19}},"16":{"start":{"line":17,"column":0},"end":{"line":17,"column":30}},"17":{"start":{"line":18,"column":0},"end":{"line":18,"column":10}},"18":{"start":{"line":19,"column":0},"end":{"line":19,"column":11}},"19":{"start":{"line":20,"column":0},"end":{"line":20,"column":26}},"20":{"start":{"line":21,"column":0},"end":{"line":21,"column":27}},"21":{"start":{"line":22,"column":0},"end":{"line":22,"column":13}},"22":{"start":{"line":23,"column":0},"end":{"line":23,"column":24}},"23":{"start":{"line":24,"column":0},"end":{"line":24,"column":52}},"24":{"start":{"line":25,"column":0},"end":{"line":25,"column":39}},"25":{"start":{"line":26,"column":0},"end":{"line":26,"column":41}},"26":{"start":{"line":27,"column":0},"end":{"line":27,"column":25}},"27":{"start":{"line":28,"column":0},"end":{"line":28,"column":24}},"29":{"start":{"line":30,"column":0},"end":{"line":30,"column":50}},"30":{"start":{"line":31,"column":0},"end":{"line":31,"column":61}},"31":{"start":{"line":32,"column":0},"end":{"line":32,"column":75}},"32":{"start":{"line":33,"column":0},"end":{"line":33,"column":19}},"33":{"start":{"line":34,"column":0},"end":{"line":34,"column":15}},"34":{"start":{"line":35,"column":0},"end":{"line":35,"column":15}},"35":{"start":{"line":36,"column":0},"end":{"line":36,"column":10}},"37":{"start":{"line":38,"column":0},"end":{"line":38,"column":44}},"38":{"start":{"line":39,"column":0},"end":{"line":39,"column":71}},"39":{"start":{"line":40,"column":0},"end":{"line":40,"column":30}},"40":{"start":{"line":41,"column":0},"end":{"line":41,"column":15}},"41":{"start":{"line":42,"column":0},"end":{"line":42,"column":13}},"43":{"start":{"line":44,"column":0},"end":{"line":44,"column":12}},"45":{"start":{"line":46,"column":0},"end":{"line":46,"column":2}}},"s":{"0":0,"2":0,"11":0,"12":0,"13":0,"14":0,"15":0,"16":0,"17":0,"18":0,"19":0,"20":0,"21":0,"22":0,"23":0,"24":0,"25":0,"26":0,"27":0,"29":0,"30":0,"31":0,"32":0,"33":0,"34":0,"35":0,"37":0,"38":0,"39":0,"40":0,"41":0,"43":0,"45":0},"branchMap":{"0":{"type":"branch","line":1,"loc":{"start":{"line":1,"column":792},"end":{"line":46,"column":-403}},"locations":[{"start":{"line":1,"column":792},"end":{"line":46,"column":-403}}]}},"b":{"0":[0]},"fnMap":{"0":{"name":"(empty-report)","decl":{"start":{"line":1,"column":792},"end":{"line":46,"column":-403}},"loc":{"start":{"line":1,"column":792},"end":{"line":46,"column":-403}},"line":1}},"f":{"0":0}}
,"/Users/sunay/Desktop/aoe_wiki/src/features/UnitsTable/TableHeader.tsx": {"path":"/Users/sunay/Desktop/aoe_wiki/src/features/UnitsTable/TableHeader.tsx","all":true,"statementMap":{"0":{"start":{"line":1,"column":0},"end":{"line":1,"column":64}},"2":{"start":{"line":3,"column":0},"end":{"line":3,"column":46}},"8":{"start":{"line":9,"column":0},"end":{"line":9,"column":37}},"9":{"start":{"line":10,"column":0},"end":{"line":10,"column":15}},"10":{"start":{"line":11,"column":0},"end":{"line":11,"column":32}},"11":{"start":{"line":12,"column":0},"end":{"line":12,"column":10}},"12":{"start":{"line":13,"column":0},"end":{"line":13,"column":11}},"13":{"start":{"line":14,"column":0},"end":{"line":14,"column":42}},"14":{"start":{"line":15,"column":0},"end":{"line":15,"column":33}},"15":{"start":{"line":16,"column":0},"end":{"line":16,"column":48}},"16":{"start":{"line":17,"column":0},"end":{"line":17,"column":15}},"17":{"start":{"line":18,"column":0},"end":{"line":18,"column":29}},"18":{"start":{"line":19,"column":0},"end":{"line":19,"column":38}},"19":{"start":{"line":20,"column":0},"end":{"line":20,"column":23}},"20":{"start":{"line":21,"column":0},"end":{"line":21,"column":42}},"21":{"start":{"line":22,"column":0},"end":{"line":22,"column":59}},"22":{"start":{"line":23,"column":0},"end":{"line":23,"column":29}},"24":{"start":{"line":25,"column":0},"end":{"line":25,"column":50}},"25":{"start":{"line":26,"column":0},"end":{"line":26,"column":71}},"26":{"start":{"line":27,"column":0},"end":{"line":27,"column":17}},"27":{"start":{"line":28,"column":0},"end":{"line":28,"column":77}},"28":{"start":{"line":29,"column":0},"end":{"line":29,"column":25}},"29":{"start":{"line":30,"column":0},"end":{"line":30,"column":53}},"30":{"start":{"line":31,"column":0},"end":{"line":31,"column":31}},"31":{"start":{"line":32,"column":0},"end":{"line":32,"column":58}},"32":{"start":{"line":33,"column":0},"end":{"line":33,"column":34}},"33":{"start":{"line":34,"column":0},"end":{"line":34,"column":28}},"36":{"start":{"line":37,"column":0},"end":{"line":37,"column":35}},"37":{"start":{"line":38,"column":0},"end":{"line":38,"column":22}},"38":{"start":{"line":39,"column":0},"end":{"line":39,"column":29}},"39":{"start":{"line":40,"column":0},"end":{"line":40,"column":51}},"40":{"start":{"line":41,"column":0},"end":{"line":41,"column":40}},"41":{"start":{"line":42,"column":0},"end":{"line":42,"column":20}},"42":{"start":{"line":43,"column":0},"end":{"line":43,"column":53}},"43":{"start":{"line":44,"column":0},"end":{"line":44,"column":18}},"44":{"start":{"line":45,"column":0},"end":{"line":45,"column":28}},"45":{"start":{"line":46,"column":0},"end":{"line":46,"column":29}},"46":{"start":{"line":47,"column":0},"end":{"line":47,"column":65}},"47":{"start":{"line":48,"column":0},"end":{"line":48,"column":21}},"48":{"start":{"line":49,"column":0},"end":{"line":49,"column":17}},"49":{"start":{"line":50,"column":0},"end":{"line":50,"column":13}},"50":{"start":{"line":51,"column":0},"end":{"line":51,"column":13}},"51":{"start":{"line":52,"column":0},"end":{"line":52,"column":9}},"52":{"start":{"line":53,"column":0},"end":{"line":53,"column":12}},"54":{"start":{"line":55,"column":0},"end":{"line":55,"column":2}}},"s":{"0":0,"2":0,"8":0,"9":0,"10":0,"11":0,"12":0,"13":0,"14":0,"15":0,"16":0,"17":0,"18":0,"19":0,"20":0,"21":0,"22":0,"24":0,"25":0,"26":0,"27":0,"28":0,"29":0,"30":0,"31":0,"32":0,"33":0,"36":0,"37":0,"38":0,"39":0,"40":0,"41":0,"42":0,"43":0,"44":0,"45":0,"46":0,"47":0,"48":0,"49":0,"50":0,"51":0,"52":0,"54":0},"branchMap":{"0":{"type":"branch","line":1,"loc":{"start":{"line":1,"column":1386},"end":{"line":55,"column":-279}},"locations":[{"start":{"line":1,"column":1386},"end":{"line":55,"column":-279}}]}},"b":{"0":[0]},"fnMap":{"0":{"name":"(empty-report)","decl":{"start":{"line":1,"column":1386},"end":{"line":55,"column":-279}},"loc":{"start":{"line":1,"column":1386},"end":{"line":55,"column":-279}},"line":1}},"f":{"0":0}}
,"/Users/sunay/Desktop/aoe_wiki/src/features/UnitsTable/TablePagination.tsx": {"path":"/Users/sunay/Desktop/aoe_wiki/src/features/UnitsTable/TablePagination.tsx","all":true,"statementMap":{"2":{"start":{"line":3,"column":0},"end":{"line":3,"column":44}},"4":{"start":{"line":5,"column":0},"end":{"line":5,"column":51}},"13":{"start":{"line":14,"column":0},"end":{"line":14,"column":41}},"14":{"start":{"line":15,"column":0},"end":{"line":15,"column":8}},"15":{"start":{"line":16,"column":0},"end":{"line":16,"column":13}},"16":{"start":{"line":17,"column":0},"end":{"line":17,"column":12}},"17":{"start":{"line":18,"column":0},"end":{"line":18,"column":10}},"18":{"start":{"line":19,"column":0},"end":{"line":19,"column":36}},"19":{"start":{"line":20,"column":0},"end":{"line":20,"column":62}},"20":{"start":{"line":21,"column":0},"end":{"line":21,"column":36}},"21":{"start":{"line":22,"column":0},"end":{"line":22,"column":42}},"23":{"start":{"line":24,"column":0},"end":{"line":24,"column":25}},"24":{"start":{"line":25,"column":0},"end":{"line":25,"column":16}},"25":{"start":{"line":26,"column":0},"end":{"line":26,"column":3}},"27":{"start":{"line":28,"column":0},"end":{"line":28,"column":24}},"28":{"start":{"line":29,"column":0},"end":{"line":29,"column":12}},"29":{"start":{"line":30,"column":0},"end":{"line":30,"column":57}},"30":{"start":{"line":31,"column":0},"end":{"line":31,"column":47}},"31":{"start":{"line":32,"column":0},"end":{"line":32,"column":71}},"32":{"start":{"line":33,"column":0},"end":{"line":33,"column":14}},"33":{"start":{"line":34,"column":0},"end":{"line":34,"column":12}},"35":{"start":{"line":36,"column":0},"end":{"line":36,"column":3}},"37":{"start":{"line":38,"column":0},"end":{"line":38,"column":10}},"38":{"start":{"line":39,"column":0},"end":{"line":39,"column":48}},"39":{"start":{"line":40,"column":0},"end":{"line":40,"column":45}},"40":{"start":{"line":41,"column":0},"end":{"line":41,"column":69}},"41":{"start":{"line":42,"column":0},"end":{"line":42,"column":12}},"43":{"start":{"line":44,"column":0},"end":{"line":44,"column":49}},"44":{"start":{"line":45,"column":0},"end":{"line":45,"column":49}},"45":{"start":{"line":46,"column":0},"end":{"line":46,"column":60}},"46":{"start":{"line":47,"column":0},"end":{"line":47,"column":17}},"47":{"start":{"line":48,"column":0},"end":{"line":48,"column":26}},"48":{"start":{"line":49,"column":0},"end":{"line":49,"column":28}},"49":{"start":{"line":50,"column":0},"end":{"line":50,"column":30}},"50":{"start":{"line":51,"column":0},"end":{"line":51,"column":56}},"51":{"start":{"line":52,"column":0},"end":{"line":52,"column":14}},"52":{"start":{"line":53,"column":0},"end":{"line":53,"column":45}},"54":{"start":{"line":55,"column":0},"end":{"line":55,"column":64}},"55":{"start":{"line":56,"column":0},"end":{"line":56,"column":66}},"56":{"start":{"line":57,"column":0},"end":{"line":57,"column":32}},"57":{"start":{"line":58,"column":0},"end":{"line":58,"column":23}},"58":{"start":{"line":59,"column":0},"end":{"line":59,"column":15}},"59":{"start":{"line":60,"column":0},"end":{"line":60,"column":19}},"60":{"start":{"line":61,"column":0},"end":{"line":61,"column":14}},"62":{"start":{"line":63,"column":0},"end":{"line":63,"column":45}},"63":{"start":{"line":64,"column":0},"end":{"line":64,"column":17}},"64":{"start":{"line":65,"column":0},"end":{"line":65,"column":49}},"65":{"start":{"line":66,"column":0},"end":{"line":66,"column":50}},"66":{"start":{"line":67,"column":0},"end":{"line":67,"column":41}},"67":{"start":{"line":68,"column":0},"end":{"line":68,"column":41}},"68":{"start":{"line":69,"column":0},"end":{"line":69,"column":11}},"70":{"start":{"line":71,"column":0},"end":{"line":71,"column":19}},"71":{"start":{"line":72,"column":0},"end":{"line":72,"column":17}},"72":{"start":{"line":73,"column":0},"end":{"line":73,"column":48}},"73":{"start":{"line":74,"column":0},"end":{"line":74,"column":50}},"74":{"start":{"line":75,"column":0},"end":{"line":75,"column":41}},"75":{"start":{"line":76,"column":0},"end":{"line":76,"column":44}},"76":{"start":{"line":77,"column":0},"end":{"line":77,"column":11}},"78":{"start":{"line":79,"column":0},"end":{"line":79,"column":19}},"79":{"start":{"line":80,"column":0},"end":{"line":80,"column":44}},"80":{"start":{"line":81,"column":0},"end":{"line":81,"column":46}},"81":{"start":{"line":82,"column":0},"end":{"line":82,"column":17}},"82":{"start":{"line":83,"column":0},"end":{"line":83,"column":17}},"83":{"start":{"line":84,"column":0},"end":{"line":84,"column":44}},"84":{"start":{"line":85,"column":0},"end":{"line":85,"column":46}},"85":{"start":{"line":86,"column":0},"end":{"line":86,"column":41}},"86":{"start":{"line":87,"column":0},"end":{"line":87,"column":40}},"87":{"start":{"line":88,"column":0},"end":{"line":88,"column":11}},"89":{"start":{"line":90,"column":0},"end":{"line":90,"column":19}},"90":{"start":{"line":91,"column":0},"end":{"line":91,"column":17}},"91":{"start":{"line":92,"column":0},"end":{"line":92,"column":62}},"92":{"start":{"line":93,"column":0},"end":{"line":93,"column":46}},"93":{"start":{"line":94,"column":0},"end":{"line":94,"column":41}},"94":{"start":{"line":95,"column":0},"end":{"line":95,"column":40}},"95":{"start":{"line":96,"column":0},"end":{"line":96,"column":11}},"97":{"start":{"line":98,"column":0},"end":{"line":98,"column":19}},"98":{"start":{"line":99,"column":0},"end":{"line":99,"column":14}},"99":{"start":{"line":100,"column":0},"end":{"line":100,"column":12}},"100":{"start":{"line":101,"column":0},"end":{"line":101,"column":10}},"102":{"start":{"line":103,"column":0},"end":{"line":103,"column":2}}},"s":{"2":0,"4":0,"13":0,"14":0,"15":0,"16":0,"17":0,"18":0,"19":0,"20":0,"21":0,"23":0,"24":0,"25":0,"27":0,"28":0,"29":0,"30":0,"31":0,"32":0,"33":0,"35":0,"37":0,"38":0,"39":0,"40":0,"41":0,"43":0,"44":0,"45":0,"46":0,"47":0,"48":0,"49":0,"50":0,"51":0,"52":0,"54":0,"55":0,"56":0,"57":0,"58":0,"59":0,"60":0,"62":0,"63":0,"64":0,"65":0,"66":0,"67":0,"68":0,"70":0,"71":0,"72":0,"73":0,"74":0,"75":0,"76":0,"78":0,"79":0,"80":0,"81":0,"82":0,"83":0,"84":0,"85":0,"86":0,"87":0,"89":0,"90":0,"91":0,"92":0,"93":0,"94":0,"95":0,"97":0,"98":0,"99":0,"100":0,"102":0},"branchMap":{"0":{"type":"branch","line":1,"loc":{"start":{"line":1,"column":704},"end":{"line":103,"column":-1357}},"locations":[{"start":{"line":1,"column":704},"end":{"line":103,"column":-1357}}]}},"b":{"0":[1]},"fnMap":{"0":{"name":"(empty-report)","decl":{"start":{"line":1,"column":704},"end":{"line":103,"column":-1357}},"loc":{"start":{"line":1,"column":704},"end":{"line":103,"column":-1357}},"line":1}},"f":{"0":1}}
,"/Users/sunay/Desktop/aoe_wiki/src/features/UnitsTable/TableSearchControl.tsx": {"path":"/Users/sunay/Desktop/aoe_wiki/src/features/UnitsTable/TableSearchControl.tsx","all":true,"statementMap":{"2":{"start":{"line":3,"column":0},"end":{"line":3,"column":61}},"3":{"start":{"line":4,"column":0},"end":{"line":4,"column":54}},"12":{"start":{"line":13,"column":0},"end":{"line":13,"column":36}},"13":{"start":{"line":14,"column":0},"end":{"line":14,"column":8}},"14":{"start":{"line":15,"column":0},"end":{"line":15,"column":11}},"15":{"start":{"line":16,"column":0},"end":{"line":16,"column":10}},"16":{"start":{"line":17,"column":0},"end":{"line":17,"column":28}},"17":{"start":{"line":18,"column":0},"end":{"line":18,"column":32}},"18":{"start":{"line":19,"column":0},"end":{"line":19,"column":10}},"19":{"start":{"line":20,"column":0},"end":{"line":20,"column":42}},"20":{"start":{"line":21,"column":0},"end":{"line":21,"column":51}},"21":{"start":{"line":22,"column":0},"end":{"line":22,"column":71}},"22":{"start":{"line":23,"column":0},"end":{"line":23,"column":14}},"23":{"start":{"line":24,"column":0},"end":{"line":24,"column":21}},"24":{"start":{"line":25,"column":0},"end":{"line":25,"column":23}},"25":{"start":{"line":26,"column":0},"end":{"line":26,"column":29}},"26":{"start":{"line":27,"column":0},"end":{"line":27,"column":35}},"27":{"start":{"line":28,"column":0},"end":{"line":28,"column":40}},"28":{"start":{"line":29,"column":0},"end":{"line":29,"column":34}},"29":{"start":{"line":30,"column":0},"end":{"line":30,"column":10}},"30":{"start":{"line":31,"column":0},"end":{"line":31,"column":19}},"31":{"start":{"line":32,"column":0},"end":{"line":32,"column":17}},"32":{"start":{"line":33,"column":0},"end":{"line":33,"column":29}},"33":{"start":{"line":34,"column":0},"end":{"line":34,"column":48}},"34":{"start":{"line":35,"column":0},"end":{"line":35,"column":37}},"35":{"start":{"line":36,"column":0},"end":{"line":36,"column":11}},"37":{"start":{"line":38,"column":0},"end":{"line":38,"column":19}},"39":{"start":{"line":40,"column":0},"end":{"line":40,"column":12}},"40":{"start":{"line":41,"column":0},"end":{"line":41,"column":10}},"42":{"start":{"line":43,"column":0},"end":{"line":43,"column":2}}},"s":{"2":0,"3":0,"12":0,"13":0,"14":0,"15":0,"16":0,"17":0,"18":0,"19":0,"20":0,"21":0,"22":0,"23":0,"24":0,"25":0,"26":0,"27":0,"28":0,"29":0,"30":0,"31":0,"32":0,"33":0,"34":0,"35":0,"37":0,"39":0,"40":0,"42":0},"branchMap":{"0":{"type":"branch","line":1,"loc":{"start":{"line":1,"column":560},"end":{"line":43,"column":-518}},"locations":[{"start":{"line":1,"column":560},"end":{"line":43,"column":-518}}]}},"b":{"0":[1]},"fnMap":{"0":{"name":"(empty-report)","decl":{"start":{"line":1,"column":560},"end":{"line":43,"column":-518}},"loc":{"start":{"line":1,"column":560},"end":{"line":43,"column":-518}},"line":1}},"f":{"0":1}}
,"/Users/sunay/Desktop/aoe_wiki/src/features/UnitsTable/UnitsTable.tsx": {"path":"/Users/sunay/Desktop/aoe_wiki/src/features/UnitsTable/UnitsTable.tsx","all":true,"statementMap":{"0":{"start":{"line":1,"column":0},"end":{"line":1,"column":8}},"11":{"start":{"line":12,"column":0},"end":{"line":12,"column":73}},"12":{"start":{"line":13,"column":0},"end":{"line":13,"column":64}},"14":{"start":{"line":15,"column":0},"end":{"line":15,"column":50}},"16":{"start":{"line":17,"column":0},"end":{"line":17,"column":55}},"18":{"start":{"line":19,"column":0},"end":{"line":19,"column":40}},"19":{"start":{"line":20,"column":0},"end":{"line":20,"column":44}},"20":{"start":{"line":21,"column":0},"end":{"line":21,"column":52}},"21":{"start":{"line":22,"column":0},"end":{"line":22,"column":58}},"22":{"start":{"line":23,"column":0},"end":{"line":23,"column":46}},"29":{"start":{"line":30,"column":0},"end":{"line":30,"column":28}},"30":{"start":{"line":31,"column":0},"end":{"line":31,"column":8}},"31":{"start":{"line":32,"column":0},"end":{"line":32,"column":24}},"32":{"start":{"line":33,"column":0},"end":{"line":33,"column":24}},"33":{"start":{"line":34,"column":0},"end":{"line":34,"column":33}},"34":{"start":{"line":35,"column":0},"end":{"line":35,"column":60}},"36":{"start":{"line":37,"column":0},"end":{"line":37,"column":54}},"37":{"start":{"line":38,"column":0},"end":{"line":38,"column":47}},"38":{"start":{"line":39,"column":0},"end":{"line":39,"column":20}},"39":{"start":{"line":40,"column":0},"end":{"line":40,"column":11}},"40":{"start":{"line":41,"column":0},"end":{"line":41,"column":37}},"41":{"start":{"line":42,"column":0},"end":{"line":42,"column":19}},"42":{"start":{"line":43,"column":0},"end":{"line":43,"column":67}},"43":{"start":{"line":44,"column":0},"end":{"line":44,"column":7}},"44":{"start":{"line":45,"column":0},"end":{"line":45,"column":5}},"45":{"start":{"line":46,"column":0},"end":{"line":46,"column":14}},"46":{"start":{"line":47,"column":0},"end":{"line":47,"column":21}},"48":{"start":{"line":49,"column":0},"end":{"line":49,"column":60}},"49":{"start":{"line":50,"column":0},"end":{"line":50,"column":68}},"50":{"start":{"line":51,"column":0},"end":{"line":51,"column":73}},"51":{"start":{"line":52,"column":0},"end":{"line":52,"column":35}},"52":{"start":{"line":53,"column":0},"end":{"line":53,"column":59}},"53":{"start":{"line":54,"column":0},"end":{"line":54,"column":21}},"55":{"start":{"line":56,"column":0},"end":{"line":56,"column":45}},"56":{"start":{"line":57,"column":0},"end":{"line":57,"column":44}},"57":{"start":{"line":58,"column":0},"end":{"line":58,"column":21}},"59":{"start":{"line":60,"column":0},"end":{"line":60,"column":70}},"60":{"start":{"line":61,"column":0},"end":{"line":61,"column":61}},"62":{"start":{"line":63,"column":0},"end":{"line":63,"column":45}},"63":{"start":{"line":64,"column":0},"end":{"line":64,"column":44}},"64":{"start":{"line":65,"column":0},"end":{"line":65,"column":50}},"65":{"start":{"line":66,"column":0},"end":{"line":66,"column":27}},"66":{"start":{"line":67,"column":0},"end":{"line":67,"column":77}},"68":{"start":{"line":69,"column":0},"end":{"line":69,"column":10}},"69":{"start":{"line":70,"column":0},"end":{"line":70,"column":66}},"70":{"start":{"line":71,"column":0},"end":{"line":71,"column":61}},"71":{"start":{"line":72,"column":0},"end":{"line":72,"column":9}},"72":{"start":{"line":73,"column":0},"end":{"line":73,"column":66}},"73":{"start":{"line":74,"column":0},"end":{"line":74,"column":72}},"74":{"start":{"line":75,"column":0},"end":{"line":75,"column":71}},"75":{"start":{"line":76,"column":0},"end":{"line":76,"column":60}},"76":{"start":{"line":77,"column":0},"end":{"line":77,"column":7}},"77":{"start":{"line":78,"column":0},"end":{"line":78,"column":6}},"78":{"start":{"line":79,"column":0},"end":{"line":79,"column":55}},"79":{"start":{"line":80,"column":0},"end":{"line":80,"column":4}},"81":{"start":{"line":82,"column":0},"end":{"line":82,"column":42}},"82":{"start":{"line":83,"column":0},"end":{"line":83,"column":41}},"83":{"start":{"line":84,"column":0},"end":{"line":84,"column":44}},"84":{"start":{"line":85,"column":0},"end":{"line":85,"column":24}},"85":{"start":{"line":86,"column":0},"end":{"line":86,"column":74}},"87":{"start":{"line":88,"column":0},"end":{"line":88,"column":74}},"88":{"start":{"line":89,"column":0},"end":{"line":89,"column":66}},"89":{"start":{"line":90,"column":0},"end":{"line":90,"column":36}},"90":{"start":{"line":91,"column":0},"end":{"line":91,"column":66}},"91":{"start":{"line":92,"column":0},"end":{"line":92,"column":16}},"92":{"start":{"line":93,"column":0},"end":{"line":93,"column":41}},"93":{"start":{"line":94,"column":0},"end":{"line":94,"column":9}},"94":{"start":{"line":95,"column":0},"end":{"line":95,"column":60}},"95":{"start":{"line":96,"column":0},"end":{"line":96,"column":7}},"96":{"start":{"line":97,"column":0},"end":{"line":97,"column":6}},"97":{"start":{"line":98,"column":0},"end":{"line":98,"column":52}},"98":{"start":{"line":99,"column":0},"end":{"line":99,"column":4}},"100":{"start":{"line":101,"column":0},"end":{"line":101,"column":19}},"101":{"start":{"line":102,"column":0},"end":{"line":102,"column":40}},"102":{"start":{"line":103,"column":0},"end":{"line":103,"column":28}},"104":{"start":{"line":105,"column":0},"end":{"line":105,"column":37}},"105":{"start":{"line":106,"column":0},"end":{"line":106,"column":21}},"106":{"start":{"line":107,"column":0},"end":{"line":107,"column":36}},"107":{"start":{"line":108,"column":0},"end":{"line":108,"column":6}},"108":{"start":{"line":109,"column":0},"end":{"line":109,"column":15}},"109":{"start":{"line":110,"column":0},"end":{"line":110,"column":4}},"111":{"start":{"line":112,"column":0},"end":{"line":112,"column":74}},"112":{"start":{"line":113,"column":0},"end":{"line":113,"column":35}},"113":{"start":{"line":114,"column":0},"end":{"line":114,"column":4}},"115":{"start":{"line":116,"column":0},"end":{"line":116,"column":35}},"116":{"start":{"line":117,"column":0},"end":{"line":117,"column":23}},"117":{"start":{"line":118,"column":0},"end":{"line":118,"column":4}},"119":{"start":{"line":120,"column":0},"end":{"line":120,"column":55}},"120":{"start":{"line":121,"column":0},"end":{"line":121,"column":16}},"121":{"start":{"line":122,"column":0},"end":{"line":122,"column":14}},"122":{"start":{"line":123,"column":0},"end":{"line":123,"column":53}},"123":{"start":{"line":124,"column":0},"end":{"line":124,"column":66}},"124":{"start":{"line":125,"column":0},"end":{"line":125,"column":14}},"126":{"start":{"line":127,"column":0},"end":{"line":127,"column":5}},"128":{"start":{"line":129,"column":0},"end":{"line":129,"column":12}},"129":{"start":{"line":130,"column":0},"end":{"line":130,"column":51}},"130":{"start":{"line":131,"column":0},"end":{"line":131,"column":35}},"131":{"start":{"line":132,"column":0},"end":{"line":132,"column":47}},"132":{"start":{"line":133,"column":0},"end":{"line":133,"column":47}},"133":{"start":{"line":134,"column":0},"end":{"line":134,"column":18}},"134":{"start":{"line":135,"column":0},"end":{"line":135,"column":59}},"135":{"start":{"line":136,"column":0},"end":{"line":136,"column":29}},"136":{"start":{"line":137,"column":0},"end":{"line":137,"column":19}},"138":{"start":{"line":139,"column":0},"end":{"line":139,"column":11}},"139":{"start":{"line":140,"column":0},"end":{"line":140,"column":12}},"141":{"start":{"line":142,"column":0},"end":{"line":142,"column":4}},"143":{"start":{"line":144,"column":0},"end":{"line":144,"column":50}},"145":{"start":{"line":146,"column":0},"end":{"line":146,"column":26}},"146":{"start":{"line":147,"column":0},"end":{"line":147,"column":11}},"147":{"start":{"line":148,"column":0},"end":{"line":148,"column":35}},"148":{"start":{"line":149,"column":0},"end":{"line":149,"column":21}},"149":{"start":{"line":150,"column":0},"end":{"line":150,"column":40}},"150":{"start":{"line":151,"column":0},"end":{"line":151,"column":9}},"151":{"start":{"line":152,"column":0},"end":{"line":152,"column":37}},"152":{"start":{"line":153,"column":0},"end":{"line":153,"column":23}},"153":{"start":{"line":154,"column":0},"end":{"line":154,"column":40}},"154":{"start":{"line":155,"column":0},"end":{"line":155,"column":9}},"155":{"start":{"line":156,"column":0},"end":{"line":156,"column":44}},"156":{"start":{"line":157,"column":0},"end":{"line":157,"column":30}},"157":{"start":{"line":158,"column":0},"end":{"line":158,"column":25}},"158":{"start":{"line":159,"column":0},"end":{"line":159,"column":73}},"160":{"start":{"line":161,"column":0},"end":{"line":161,"column":9}},"161":{"start":{"line":162,"column":0},"end":{"line":162,"column":36}},"162":{"start":{"line":163,"column":0},"end":{"line":163,"column":22}},"163":{"start":{"line":164,"column":0},"end":{"line":164,"column":40}},"164":{"start":{"line":165,"column":0},"end":{"line":165,"column":9}},"165":{"start":{"line":166,"column":0},"end":{"line":166,"column":37}},"166":{"start":{"line":167,"column":0},"end":{"line":167,"column":24}},"167":{"start":{"line":168,"column":0},"end":{"line":168,"column":61}},"168":{"start":{"line":169,"column":0},"end":{"line":169,"column":36}},"169":{"start":{"line":170,"column":0},"end":{"line":170,"column":43}},"170":{"start":{"line":171,"column":0},"end":{"line":171,"column":43}},"171":{"start":{"line":172,"column":0},"end":{"line":172,"column":41}},"172":{"start":{"line":173,"column":0},"end":{"line":173,"column":32}},"173":{"start":{"line":174,"column":0},"end":{"line":174,"column":31}},"175":{"start":{"line":176,"column":0},"end":{"line":176,"column":57}},"176":{"start":{"line":177,"column":0},"end":{"line":177,"column":43}},"177":{"start":{"line":178,"column":0},"end":{"line":178,"column":14}},"178":{"start":{"line":179,"column":0},"end":{"line":179,"column":12}},"179":{"start":{"line":180,"column":0},"end":{"line":180,"column":57}},"180":{"start":{"line":181,"column":0},"end":{"line":181,"column":43}},"181":{"start":{"line":182,"column":0},"end":{"line":182,"column":14}},"182":{"start":{"line":183,"column":0},"end":{"line":183,"column":12}},"184":{"start":{"line":185,"column":0},"end":{"line":185,"column":41}},"185":{"start":{"line":186,"column":0},"end":{"line":186,"column":10}},"186":{"start":{"line":187,"column":0},"end":{"line":187,"column":9}},"187":{"start":{"line":188,"column":0},"end":{"line":188,"column":6}},"188":{"start":{"line":189,"column":0},"end":{"line":189,"column":19}},"189":{"start":{"line":190,"column":0},"end":{"line":190,"column":4}},"191":{"start":{"line":192,"column":0},"end":{"line":192,"column":31}},"192":{"start":{"line":193,"column":0},"end":{"line":193,"column":16}},"193":{"start":{"line":194,"column":0},"end":{"line":194,"column":12}},"194":{"start":{"line":195,"column":0},"end":{"line":195,"column":12}},"195":{"start":{"line":196,"column":0},"end":{"line":196,"column":30}},"196":{"start":{"line":197,"column":0},"end":{"line":197,"column":36}},"197":{"start":{"line":198,"column":0},"end":{"line":198,"column":41}},"198":{"start":{"line":199,"column":0},"end":{"line":199,"column":6}},"199":{"start":{"line":200,"column":0},"end":{"line":200,"column":47}},"200":{"start":{"line":201,"column":0},"end":{"line":201,"column":41}},"201":{"start":{"line":202,"column":0},"end":{"line":202,"column":28}},"202":{"start":{"line":203,"column":0},"end":{"line":203,"column":25}},"203":{"start":{"line":204,"column":0},"end":{"line":204,"column":39}},"204":{"start":{"line":205,"column":0},"end":{"line":205,"column":43}},"205":{"start":{"line":206,"column":0},"end":{"line":206,"column":47}},"206":{"start":{"line":207,"column":0},"end":{"line":207,"column":51}},"207":{"start":{"line":208,"column":0},"end":{"line":208,"column":40}},"208":{"start":{"line":209,"column":0},"end":{"line":209,"column":54}},"209":{"start":{"line":210,"column":0},"end":{"line":210,"column":32}},"210":{"start":{"line":211,"column":0},"end":{"line":211,"column":59}},"211":{"start":{"line":212,"column":0},"end":{"line":212,"column":6}},"212":{"start":{"line":213,"column":0},"end":{"line":213,"column":5}},"214":{"start":{"line":215,"column":0},"end":{"line":215,"column":19}},"215":{"start":{"line":216,"column":0},"end":{"line":216,"column":62}},"216":{"start":{"line":217,"column":0},"end":{"line":217,"column":31}},"217":{"start":{"line":218,"column":0},"end":{"line":218,"column":58}},"218":{"start":{"line":219,"column":0},"end":{"line":219,"column":12}},"219":{"start":{"line":220,"column":0},"end":{"line":220,"column":39}},"220":{"start":{"line":221,"column":0},"end":{"line":221,"column":5}},"221":{"start":{"line":222,"column":0},"end":{"line":222,"column":62}},"222":{"start":{"line":223,"column":0},"end":{"line":223,"column":58}},"223":{"start":{"line":224,"column":0},"end":{"line":224,"column":5}},"224":{"start":{"line":225,"column":0},"end":{"line":225,"column":60}},"226":{"start":{"li
[...]
[{"start":{"line":197,"column":61},"end":{"line":203,"column":16}}]},"23":{"type":"branch","line":57,"loc":{"start":{"line":57,"column":4},"end":{"line":57,"column":58}},"locations":[{"start":{"line":57,"column":4},"end":{"line":57,"column":58}}]},"24":{"type":"branch","line":61,"loc":{"start":{"line":61,"column":30},"end":{"line":75,"column":5}},"locations":[{"start":{"line":61,"column":30},"end":{"line":75,"column":5}}]},"25":{"type":"branch","line":64,"loc":{"start":{"line":64,"column":23},"end":{"line":72,"column":5}},"locations":[{"start":{"line":64,"column":23},"end":{"line":72,"column":5}}]},"26":{"type":"branch","line":66,"loc":{"start":{"line":66,"column":17},"end":{"line":67,"column":27}},"locations":[{"start":{"line":66,"column":17},"end":{"line":67,"column":27}}]},"27":{"type":"branch","line":67,"loc":{"start":{"line":67,"column":23},"end":{"line":70,"column":30}},"locations":[{"start":{"line":67,"column":23},"end":{"line":70,"column":30}}]},"28":{"type":"branch","line":68,"loc":{"start":{"line":68,"column":21},"end":{"line":69,"column":29}},"locations":[{"start":{"line":68,"column":21},"end":{"line":69,"column":29}}]},"29":{"type":"branch","line":69,"loc":{"start":{"line":69,"column":25},"end":{"line":70,"column":30}},"locations":[{"start":{"line":69,"column":25},"end":{"line":70,"column":30}}]},"30":{"type":"branch","line":78,"loc":{"start":{"line":78,"column":4},"end":{"line":86,"column":6}},"locations":[{"start":{"line":78,"column":4},"end":{"line":86,"column":6}}]},"31":{"type":"branch","line":80,"loc":{"start":{"line":80,"column":28},"end":{"line":84,"column":7}},"locations":[{"start":{"line":80,"column":28},"end":{"line":84,"column":7}}]},"32":{"type":"branch","line":91,"loc":{"start":{"line":91,"column":4},"end":{"line":114,"column":6}},"locations":[{"start":{"line":91,"column":4},"end":{"line":114,"column":6}}]},"33":{"type":"branch","line":95,"loc":{"start":{"line":95,"column":23},"end":{"line":98,"column":30}},"locations":[{"start":{"line":95,"column":23},"end":{"line":98,"column":30}}]},"34":{"type":"branch","line":102,"loc":{"start":{"line":102,"column":26},"end":{"line":107,"column":13}},"locations":[{"start":{"line":102,"column":26},"end":{"line":107,"column":13}}]},"35":{"type":"branch","line":107,"loc":{"start":{"line":107,"column":6},"end":{"line":113,"column":7}},"locations":[{"start":{"line":107,"column":6},"end":{"line":113,"column":7}}]},"36":{"type":"branch","line":109,"loc":{"start":{"line":109,"column":45},"end":{"line":112,"column":9}},"locations":[{"start":{"line":109,"column":45},"end":{"line":112,"column":9}}]},"37":{"type":"branch","line":118,"loc":{"start":{"line":118,"column":41},"end":{"line":120,"column":5}},"locations":[{"start":{"line":118,"column":41},"end":{"line":120,"column":5}}]},"38":{"type":"branch","line":122,"loc":{"start":{"line":122,"column":32},"end":{"line":149,"column":5}},"locations":[{"start":{"line":122,"column":32},"end":{"line":149,"column":5}}]},"39":{"type":"branch","line":123,"loc":{"start":{"line":123,"column":33},"end":{"line":123,"column":43}},"locations":[{"start":{"line":123,"column":33},"end":{"line":123,"column":43}}]},"40":{"type":"branch","line":123,"loc":{"start":{"line":123,"column":41},"end":{"line":148,"column":7}},"locations":[{"start":{"line":123,"column":41},"end":{"line":148,"column":7}}]},"41":{"type":"branch","line":125,"loc":{"start":{"line":125,"column":27},"end":{"line":148,"column":5}},"locations":[{"start":{"line":125,"column":27},"end":{"line":148,"column":5}}]},"42":{"type":"branch","line":127,"loc":{"start":{"line":127,"column":24},"end":{"line":128,"column":61}},"locations":[{"start":{"line":127,"column":24},"end":{"line":128,"column":61}}]},"43":{"type":"branch","line":129,"loc":{"start":{"line":129,"column":8},"end":{"line":131,"column":7}},"locations":[{"start":{"line":129,"column":8},"end":{"line":131,"column":7}}]},"44":{"type":"branch","line":131,"loc":{"start":{"line":131,"column":6},"end":{"line":133,"column":37}},"locations":[{"start":{"line":131,"column":6},"end":{"line":133,"column":37}}]},"45":{"type":"branch","line":133,"loc":{"start":{"line":133,"column":37},"end":{"line":145,"column":7}},"locations":[{"start":{"line":133,"column":37},"end":{"line":145,"column":7}}]},"46":{"type":"branch","line":135,"loc":{"start":{"line":135,"column":19},"end":{"line":144,"column":9}},"locations":[{"start":{"line":135,"column":19},"end":{"line":144,"column":9}}]},"47":{"type":"branch","line":136,"loc":{"start":{"line":136,"column":26},"end":{"line":138,"column":11}},"locations":[{"start":{"line":136,"column":26},"end":{"line":138,"column":11}}]},"48":{"type":"branch","line":138,"loc":{"start":{"line":138,"column":10},"end":{"line":140,"column":46}},"locations":[{"start":{"line":138,"column":10},"end":{"line":140,"column":46}}]},"49":{"type":"branch","line":140,"loc":{"start":{"line":140,"column":41},"end":{"line":140,"column":48}},"locations":[{"start":{"line":140,"column":41},"end":{"line":140,"column":48}}]},"50":{"type":"branch","line":141,"loc":{"start":{"line":141,"column":32},"end":{"line":141,"column":58}},"locations":[{"start":{"line":141,"column":32},"end":{"line":141,"column":58}}]},"51":{"type":"branch","line":141,"loc":{"start":{"line":141,"column":58},"end":{"line":143,"column":11}},"locations":[{"start":{"line":141,"column":58},"end":{"line":143,"column":11}}]},"52":{"type":"branch","line":145,"loc":{"start":{"line":145,"column":6},"end":{"line":147,"column":18}},"locations":[{"start":{"line":145,"column":6},"end":{"line":147,"column":18}}]},"53":{"type":"branch","line":155,"loc":{"start":{"line":155,"column":12},"end":{"line":157,"column":5}},"locations":[{"start":{"line":155,"column":12},"end":{"line":157,"column":5}}]}},"b":{"0":[17],"1":[12],"2":[5],"3":[0],"4":[17],"5":[51],"6":[42],"7":[9],"8":[0],"9":[9],"10":[9],"11":[9],"12":[9],"13":[0],"14":[9],"15":[17],"16":[1],"17":[1],"18":[0],"19":[15],"20":[10],"21":[15],"22":[5],"23":[17],"24":[17],"25":[51],"26":[17],"27":[34],"28":[17],"29":[17],"30":[2],"31":[1],"32":[3],"33":[0],"34":[1],"35":[2],"36":[1],"37":[1],"38":[17],"39":[2],"40":[15],"41":[106],"42":[44],"43":[30],"44":[76],"45":[211],"46":[69],"47":[5],"48":[64],"49":[31],"50":[44],"51":[28],"52":[43],"53":[17]},"fnMap":{"0":{"name":"parseAgeParam","decl":{"start":{"line":23,"column":22},"end":{"line":28,"column":2}},"loc":{"start":{"line":23,"column":22},"end":{"line":28,"column":2}},"line":23},"1":{"name":"parseCostParam","decl":{"start":{"line":30,"column":23},"end":{"line":46,"column":2}},"loc":{"start":{"line":30,"column":23},"end":{"line":46,"column":2}},"line":30},"2":{"name":"UnitsPage","decl":{"start":{"line":48,"column":18},"end":{"line":208,"column":2}},"loc":{"start":{"line":48,"column":18},"end":{"line":208,"column":2}},"line":48}},"f":{"0":17,"1":51,"2":17}}
,"/Users/sunay/Desktop/aoe_wiki/src/store/store.ts": {"path":"/Users/sunay/Desktop/aoe_wiki/src/store/store.ts","all":false,"statementMap":{"0":{"start":{"line":1,"column":0},"end":{"line":1,"column":73}},"1":{"start":{"line":2,"column":0},"end":{"line":2,"column":46}},"3":{"start":{"line":4,"column":0},"end":{"line":4,"column":44}},"4":{"start":{"line":5,"column":0},"end":{"line":5,"column":47}},"5":{"start":{"line":6,"column":0},"end":{"line":6,"column":47}},"7":{"start":{"line":8,"column":0},"end":{"line":8,"column":46}},"9":{"start":{"line":10,"column":0},"end":{"line":10,"column":21}},"10":{"start":{"line":11,"column":0},"end":{"line":11,"column":22}},"11":{"start":{"line":12,"column":0},"end":{"line":12,"column":22}},"12":{"start":{"line":13,"column":0},"end":{"line":13,"column":2}},"14":{"start":{"line":15,"column":0},"end":{"line":15,"column":51}},"15":{"start":{"line":16,"column":0},"end":{"line":16,"column":23}},"16":{"start":{"line":17,"column":0},"end":{"line":17,"column":39}},"17":{"start":{"line":18,"column":0},"end":{"line":18,"column":66}},"18":{"start":{"line":19,"column":0},"end":{"line":19,"column":2}},"20":{"start":{"line":21,"column":0},"end":{"line":21,"column":49}},"22":{"start":{"line":23,"column":0},"end":{"line":23,"column":29}}},"s":{"0":1,"1":1,"3":1,"4":1,"5":1,"7":1,"9":1,"10":1,"11":1,"12":1,"14":1,"15":1,"16":1,"17":1,"18":1,"20":1,"22":1},"branchMap":{"0":{"type":"branch","line":17,"loc":{"start":{"line":17,"column":14},"end":{"line":18,"column":66}},"locations":[{"start":{"line":17,"column":14},"end":{"line":18,"column":66}}]}},"b":{"0":[1]},"fnMap":{"0":{"name":"middleware","decl":{"start":{"line":17,"column":14},"end":{"line":18,"column":66}},"loc":{"start":{"line":17,"column":14},"end":{"line":18,"column":66}},"line":17}},"f":{"0":1}}
,"/Users/sunay/Desktop/aoe_wiki/src/store/sagas/rootSaga.ts": {"path":"/Users/sunay/Desktop/aoe_wiki/src/store/sagas/rootSaga.ts","all":false,"statementMap":{"0":{"start":{"line":1,"column":0},"end":{"line":1,"column":47}},"2":{"start":{"line":3,"column":0},"end":{"line":3,"column":46}},"4":{"start":{"line":5,"column":0},"end":{"line":5,"column":29}},"5":{"start":{"line":6,"column":0},"end":{"line":6,"column":37}},"6":{"start":{"line":7,"column":0},"end":{"line":7,"column":1}}},"s":{"0":1,"2":1,"4":1,"5":2,"6":2},"branchMap":{"0":{"type":"branch","line":5,"loc":{"start":{"line":5,"column":7},"end":{"line":7,"column":1}},"locations":[{"start":{"line":5,"column":7},"end":{"line":7,"column":1}}]}},"b":{"0":[2]},"fnMap":{"0":{"name":"rootSaga","decl":{"start":{"line":5,"column":7},"end":{"line":7,"column":1}},"loc":{"start":{"line":5,"column":7},"end":{"line":7,"column":1}},"line":5}},"f":{"0":2}}
,"/Users/sunay/Desktop/aoe_wiki/src/store/sagas/unitsSaga.ts": {"path":"/Users/sunay/Desktop/aoe_wiki/src/store/sagas/unitsSaga.ts","all":false,"statementMap":{"0":{"start":{"line":1,"column":0},"end":{"line":1,"column":59}},"2":{"start":{"line":3,"column":0},"end":{"line":3,"column":8}},"9":{"start":{"line":10,"column":0},"end":{"line":10,"column":67}},"10":{"start":{"line":11,"column":0},"end":{"line":11,"column":71}},"11":{"start":{"line":12,"column":0},"end":{"line":12,"column":42}},"12":{"start":{"line":13,"column":0},"end":{"line":13,"column":2}},"14":{"start":{"line":15,"column":0},"end":{"line":15,"column":48}},"15":{"start":{"line":16,"column":0},"end":{"line":16,"column":7}},"16":{"start":{"line":17,"column":0},"end":{"line":17,"column":68}},"17":{"start":{"line":18,"column":0},"end":{"line":18,"column":50}},"18":{"start":{"line":19,"column":0},"end":{"line":19,"column":28}},"19":{"start":{"line":20,"column":0},"end":{"line":20,"column":24}},"20":{"start":{"line":21,"column":0},"end":{"line":21,"column":71}},"21":{"start":{"line":22,"column":0},"end":{"line":22,"column":47}},"22":{"start":{"line":23,"column":0},"end":{"line":23,"column":3}},"23":{"start":{"line":24,"column":0},"end":{"line":24,"column":1}},"25":{"start":{"line":26,"column":0},"end":{"line":26,"column":36}},"26":{"start":{"line":27,"column":0},"end":{"line":27,"column":59}},"27":{"start":{"line":28,"column":0},"end":{"line":28,"column":1}}},"s":{"0":1,"2":1,"9":1,"10":1,"11":1,"12":1,"14":1,"15":2,"16":2,"17":1,"18":1,"19":1,"20":1,"21":1,"22":1,"23":2,"25":1,"26":2,"27":2},"branchMap":{"0":{"type":"branch","line":10,"loc":{"start":{"line":10,"column":34},"end":{"line":13,"column":2}},"locations":[{"start":{"line":10,"column":34},"end":{"line":13,"column":2}}]},"1":{"type":"branch","line":15,"loc":{"start":{"line":15,"column":7},"end":{"line":24,"column":1}},"locations":[{"start":{"line":15,"column":7},"end":{"line":24,"column":1}}]},"2":{"type":"branch","line":17,"loc":{"start":{"line":17,"column":52},"end":{"line":23,"column":3}},"locations":[{"start":{"line":17,"column":52},"end":{"line":23,"column":3}}]},"3":{"type":"branch","line":21,"loc":{"start":{"line":21,"column":37},"end":{"line":21,"column":71}},"locations":[{"start":{"line":21,"column":37},"end":{"line":21,"column":71}}]},"4":{"type":"branch","line":26,"loc":{"start":{"line":26,"column":7},"end":{"line":28,"column":1}},"locations":[{"start":{"line":26,"column":7},"end":{"line":28,"column":1}}]}},"b":{"0":[1],"1":[2],"2":[1],"3":[0],"4":[2]},"fnMap":{"0":{"name":"fetchUnitsFromJson","decl":{"start":{"line":10,"column":34},"end":{"line":13,"column":2}},"loc":{"start":{"line":10,"column":34},"end":{"line":13,"column":2}},"line":10},"1":{"name":"handleFetchUnits","decl":{"start":{"line":15,"column":7},"end":{"line":24,"column":1}},"loc":{"start":{"line":15,"column":7},"end":{"line":24,"column":1}},"line":15},"2":{"name":"watchFetchUnits","decl":{"start":{"line":26,"column":7},"end":{"line":28,"column":1}},"loc":{"start":{"line":26,"column":7},"end":{"line":28,"column":1}},"line":26}},"f":{"0":1,"1":2,"2":2}}
,"/Users/sunay/Desktop/aoe_wiki/src/store/slices/audioSlice.ts": {"path":"/Users/sunay/Desktop/aoe_wiki/src/store/slices/audioSlice.ts","all":false,"statementMap":{"0":{"start":{"line":1,"column":0},"end":{"line":1,"column":62}},"7":{"start":{"line":8,"column":0},"end":{"line":8,"column":34}},"8":{"start":{"line":9,"column":0},"end":{"line":9,"column":19}},"9":{"start":{"line":10,"column":0},"end":{"line":10,"column":14}},"10":{"start":{"line":11,"column":0},"end":{"line":11,"column":2}},"12":{"start":{"line":13,"column":0},"end":{"line":13,"column":32}},"13":{"start":{"line":14,"column":0},"end":{"line":14,"column":16}},"14":{"start":{"line":15,"column":0},"end":{"line":15,"column":15}},"15":{"start":{"line":16,"column":0},"end":{"line":16,"column":13}},"16":{"start":{"line":17,"column":0},"end":{"line":17,"column":55}},"17":{"start":{"line":18,"column":0},"end":{"line":18,"column":39}},"18":{"start":{"line":19,"column":0},"end":{"line":19,"column":6}},"19":{"start":{"line":20,"column":0},"end":{"line":20,"column":26}},"20":{"start":{"line":21,"column":0},"end":{"line":21,"column":41}},"21":{"start":{"line":22,"column":0},"end":{"line":22,"column":6}},"22":{"start":{"line":23,"column":0},"end":{"line":23,"column":53}},"23":{"start":{"line":24,"column":0},"end":{"line":24,"column":62}},"24":{"start":{"line":25,"column":0},"end":{"line":25,"column":6}},"25":{"start":{"line":26,"column":0},"end":{"line":26,"column":4}},"26":{"start":{"line":27,"column":0},"end":{"line":27,"column":3}},"28":{"start":{"line":29,"column":0},"end":{"line":29,"column":75}},"29":{"start":{"line":30,"column":0},"end":{"line":30,"column":34}}},"s":{"0":1,"7":1,"8":1,"9":1,"10":1,"12":1,"13":1,"14":1,"15":1,"16":1,"17":2,"18":2,"19":1,"20":2,"21":2,"22":1,"23":5,"24":5,"25":1,"26":1,"28":1,"29":1},"branchMap":{"0":{"type":"branch","line":17,"loc":{"start":{"line":17,"column":4},"end":{"line":19,"column":6}},"locations":[{"start":{"line":17,"column":4},"end":{"line":19,"column":6}}]},"1":{"type":"branch","line":20,"loc":{"start":{"line":20,"column":4},"end":{"line":22,"column":6}},"locations":[{"start":{"line":20,"column":4},"end":{"line":22,"column":6}}]},"2":{"type":"branch","line":23,"loc":{"start":{"line":23,"column":4},"end":{"line":25,"column":6}},"locations":[{"start":{"line":23,"column":4},"end":{"line":25,"column":6}}]}},"b":{"0":[2],"1":[2],"2":[5]},"fnMap":{"0":{"name":"setPlaying","decl":{"start":{"line":17,"column":4},"end":{"line":19,"column":6}},"loc":{"start":{"line":17,"column":4},"end":{"line":19,"column":6}},"line":17},"1":{"name":"togglePlaying","decl":{"start":{"line":20,"column":4},"end":{"line":22,"column":6}},"loc":{"start":{"line":20,"column":4},"end":{"line":22,"column":6}},"line":20},"2":{"name":"setVolume","decl":{"start":{"line":23,"column":4},"end":{"line":25,"column":6}},"loc":{"start":{"line":23,"column":4},"end":{"line":25,"column":6}},"line":23}},"f":{"0":2,"1":2,"2":5}}
,"/Users/sunay/Desktop/aoe_wiki/src/store/slices/unitsSlice.ts": {"path":"/Users/sunay/Desktop/aoe_wiki/src/store/slices/unitsSlice.ts","all":false,"statementMap":{"0":{"start":{"line":1,"column":0},"end":{"line":1,"column":62}},"10":{"start":{"line":11,"column":0},"end":{"line":11,"column":34}},"11":{"start":{"line":12,"column":0},"end":{"line":12,"column":11}},"12":{"start":{"line":13,"column":0},"end":{"line":13,"column":18}},"13":{"start":{"line":14,"column":0},"end":{"line":14,"column":14}},"14":{"start":{"line":15,"column":0},"end":{"line":15,"column":2}},"16":{"start":{"line":17,"column":0},"end":{"line":17,"column":32}},"17":{"start":{"line":18,"column":0},"end":{"line":18,"column":16}},"18":{"start":{"line":19,"column":0},"end":{"line":19,"column":15}},"19":{"start":{"line":20,"column":0},"end":{"line":20,"column":13}},"20":{"start":{"line":21,"column":0},"end":{"line":21,"column":28}},"21":{"start":{"line":22,"column":0},"end":{"line":22,"column":32}},"22":{"start":{"line":23,"column":0},"end":{"line":23,"column":25}},"23":{"start":{"line":24,"column":0},"end":{"line":24,"column":6}},"24":{"start":{"line":25,"column":0},"end":{"line":25,"column":61}},"25":{"start":{"line":26,"column":0},"end":{"line":26,"column":34}},"26":{"start":{"line":27,"column":0},"end":{"line":27,"column":34}},"27":{"start":{"line":28,"column":0},"end":{"line":28,"column":6}},"28":{"start":{"line":29,"column":0},"end":{"line":29,"column":61}},"29":{"start":{"line":30,"column":0},"end":{"line":30,"column":31}},"30":{"start":{"line":31,"column":0},"end":{"line":31,"column":35}},"31":{"start":{"line":32,"column":0},"end":{"line":32,"column":6}},"32":{"start":{"line":33,"column":0},"end":{"line":33,"column":4}},"33":{"start":{"line":34,"column":0},"end":{"line":34,"column":3}},"35":{"start":{"line":36,"column":0},"end":{"line":36,"column":72}},"36":{"start":{"line":37,"column":0},"end":{"line":37,"column":21}},"38":{"start":{"line":39,"column":0},"end":{"line":39,"column":34}}},"s":{"0":1,"10":1,"11":1,"12":1,"13":1,"14":1,"16":1,"17":1,"18":1,"19":1,"20":1,"21":1,"22":1,"23":1,"24":1,"25":1,"26":1,"27":1,"28":1,"29":1,"30":1,"31":1,"32":1,"33":1,"35":1,"36":1,"38":1},"branchMap":{"0":{"type":"branch","line":21,"loc":{"start":{"line":21,"column":4},"end":{"line":24,"column":6}},"locations":[{"start":{"line":21,"column":4},"end":{"line":24,"column":6}}]},"1":{"type":"branch","line":25,"loc":{"start":{"line":25,"column":4},"end":{"line":28,"column":6}},"locations":[{"start":{"line":25,"column":4},"end":{"line":28,"column":6}}]},"2":{"type":"branch","line":29,"loc":{"start":{"line":29,"column":4},"end":{"line":32,"column":6}},"locations":[{"start":{"line":29,"column":4},"end":{"line":32,"column":6}}]}},"b":{"0":[1],"1":[1],"2":[1]},"fnMap":{"0":{"name":"fetchUnitsStart","decl":{"start":{"line":21,"column":4},"end":{"line":24,"column":6}},"loc":{"start":{"line":21,"column":4},"end":{"line":24,"column":6}},"line":21},"1":{"name":"fetchUnitsSuccess","decl":{"start":{"line":25,"column":4},"end":{"line":28,"column":6}},"loc":{"start":{"line":25,"column":4},"end":{"line":28,"column":6}},"line":25},"2":{"name":"fetchUnitsFailure","decl":{"start":{"line":29,"column":4},"end":{"line":32,"column":6}},"loc":{"start":{"line":29,"column":4},"end":{"line":32,"column":6}},"line":29}},"f":{"0":1,"1":1,"2":1}}
,"/Users/sunay/Desktop/aoe_wiki/src/types/filter.ts": {"path":"/Users/sunay/Desktop/aoe_wiki/src/types/filter.ts","all":true,"statementMap":{},"s":{},"branchMap":{"0":{"type":"branch","line":1,"loc":{"start":{"line":1,"column":119},"end":{"line":5,"column":2}},"locations":[{"start":{"line":1,"column":119},"end":{"line":5,"column":2}}]}},"b":{"0":[1]},"fnMap":{"0":{"name":"(empty-report)","decl":{"start":{"line":1,"column":119},"end":{"line":5,"column":2}},"loc":{"start":{"line":1,"column":119},"end":{"line":5,"column":2}},"line":1}},"f":{"0":1}}
,"/Users/sunay/Desktop/aoe_wiki/src/types/units.ts": {"path":"/Users/sunay/Desktop/aoe_wiki/src/types/units.ts","all":true,"statementMap":{},"s":{},"branchMap":{"0":{"type":"branch","line":1,"loc":{"start":{"line":1,"column":640},"end":{"line":32,"column":1}},"locations":[{"start":{"line":1,"column":640},"end":{"line":32,"column":1}}]}},"b":{"0":[1]},"fnMap":{"0":{"name":"(empty-report)","decl":{"start":{"line":1,"column":640},"end":{"line":32,"column":1}},"loc":{"start":{"line":1,"column":640},"end":{"line":32,"column":1}},"line":1}},"f":{"0":1}}
}
